[ 2018-09-21T08:51:28+08:00 ] 192.168.52.1 /
INFO: [ app_init ] --START--
INFO: Run Behavior\BuildLiteBehavior [ RunTime:0.000010s ]
INFO: [ app_init ] --END-- [ RunTime:0.000228s ]
INFO: [ app_begin ] --START--
INFO: Run Behavior\ReadHtmlCacheBehavior [ RunTime:0.000258s ]
INFO: [ app_begin ] --END-- [ RunTime:0.000287s ]
NOTIC: [2] mdecrypt_generic(): An empty string was passed /opt/www/zshop/ThinkPHP/Library/Org/Util/AES.class.php 第 51 行.
NOTIC: [2] preg_match(): Null byte in regex /opt/www/zshop/ThinkPHP/Library/Org/Util/AES.class.php 第 80 行.
NOTIC: [2048] Declaration of Application\BaseModel::add() should be compatible with Think\Model::add($data = '', $options = Array, $replace = false) /opt/www/zshop/Application/BaseModel.class.php 第 12 行.
SQL: SELECT * FROM `ti_product_cate` WHERE ( parent_id =0 and has_child=1 )  [ RunTime:0.0001s ]
SQL: SELECT * FROM `ti_product_cate` WHERE ( parent_id !=0 and has_child!=1 )  [ RunTime:0.0001s ]
NOTIC: [8] Undefined index: 1754a4f3f3ce /opt/www/zshop/Application/HomeBaseController.class.php 第 72 行.
NOTIC: [2] mdecrypt_generic(): An empty string was passed /opt/www/zshop/ThinkPHP/Library/Org/Util/AES.class.php 第 51 行.
NOTIC: [2] preg_match(): Null byte in regex /opt/www/zshop/ThinkPHP/Library/Org/Util/AES.class.php 第 80 行.
NOTIC: [8] Undefined index: user_id /opt/www/zshop/Application/HomeBaseController.class.php 第 73 行.
NOTIC: [2] mdecrypt_generic(): An empty string was passed /opt/www/zshop/ThinkPHP/Library/Org/Util/AES.class.php 第 51 行.
NOTIC: [2] preg_match(): Null byte in regex /opt/www/zshop/ThinkPHP/Library/Org/Util/AES.class.php 第 80 行.
INFO: [ view_parse ] --START--
INFO: [ template_filter ] --START--
INFO: Run Behavior\ContentReplaceBehavior [ RunTime:0.000038s ]
INFO: [ template_filter ] --END-- [ RunTime:0.000073s ]
INFO: Run Behavior\ParseTemplateBehavior [ RunTime:0.008319s ]
INFO: [ view_parse ] --END-- [ RunTime:0.008346s ]
INFO: [ view_filter ] --START--
INFO: Run Behavior\WriteHtmlCacheBehavior [ RunTime:0.000170s ]
INFO: [ view_filter ] --END-- [ RunTime:0.000190s ]
INFO: [ app_end ] --START--
INFO: Run Behavior\ShowPageTraceBehavior [ RunTime:0.000272s ]
INFO: [ app_end ] --END-- [ RunTime:0.000297s ]

[ 2018-09-21T08:51:37+08:00 ] 192.168.52.1 /Home/Empty/index
INFO: [ app_init ] --START--
INFO: Run Behavior\BuildLiteBehavior [ RunTime:0.000011s ]
INFO: [ app_init ] --END-- [ RunTime:0.000242s ]
INFO: [ app_begin ] --START--
INFO: Run Behavior\ReadHtmlCacheBehavior [ RunTime:0.000252s ]
INFO: [ app_begin ] --END-- [ RunTime:0.000282s ]
ERR: 无法加载控制器:Empty

[ 2018-09-21T08:53:09+08:00 ] 192.168.52.1 /Home/Empty/index
INFO: [ app_init ] --START--
INFO: Run Behavior\BuildLiteBehavior [ RunTime:0.000010s ]
INFO: [ app_init ] --END-- [ RunTime:0.000225s ]
INFO: [ app_begin ] --START--
INFO: Run Behavior\ReadHtmlCacheBehavior [ RunTime:0.000239s ]
INFO: [ app_begin ] --END-- [ RunTime:0.000266s ]
ERR: 无法加载控制器:Empty

