[ 2018-09-21T08:51:37+08:00 ] 192.168.52.1 /Admin/Login
INFO: [ app_init ] --START--
INFO: Run Behavior\BuildLiteBehavior [ RunTime:0.000009s ]
INFO: [ app_init ] --END-- [ RunTime:0.000188s ]
INFO: [ app_begin ] --START--
INFO: Run Behavior\ReadHtmlCacheBehavior [ RunTime:0.000242s ]
INFO: [ app_begin ] --END-- [ RunTime:0.000289s ]
NOTIC: [2] mdecrypt_generic(): An empty string was passed /opt/www/zshop/ThinkPHP/Library/Org/Util/AES.class.php 第 51 行.
NOTIC: [2] preg_match(): Null byte in regex /opt/www/zshop/ThinkPHP/Library/Org/Util/AES.class.php 第 80 行.
NOTIC: [2048] Declaration of Common\Service\Zshop\AdminUserService::getList() should be compatible with Application\BaseService::getList($where, $page, $pageSize, $fields, $orderBy) /opt/www/zshop/Application/Common/Service/Zshop/AdminUserService.class.php 第 13 行.
NOTIC: [2048] Declaration of Application\BaseModel::add() should be compatible with Think\Model::add($data = '', $options = Array, $replace = false) /opt/www/zshop/Application/BaseModel.class.php 第 12 行.
NOTIC: [2048] Declaration of Common\Model\Zshop\AdminUserModel::getList() should be compatible with Application\BaseModel::getList($where, $page = 1, $pageSize = 10, $fields = Array, $orderBy = '') /opt/www/zshop/Application/Common/Model/Zshop/AdminUserModel.class.php 第 12 行.

[ 2018-09-21T08:53:19+08:00 ] 192.168.52.1 /Admin/Login/login
INFO: [ app_init ] --START--
INFO: Run Behavior\BuildLiteBehavior [ RunTime:0.000009s ]
INFO: [ app_init ] --END-- [ RunTime:0.000193s ]
INFO: [ app_begin ] --START--
INFO: Run Behavior\ReadHtmlCacheBehavior [ RunTime:0.000234s ]
INFO: [ app_begin ] --END-- [ RunTime:0.000261s ]
NOTIC: [2] mdecrypt_generic(): An empty string was passed /opt/www/zshop/ThinkPHP/Library/Org/Util/AES.class.php 第 51 行.
NOTIC: [2] preg_match(): Null byte in regex /opt/www/zshop/ThinkPHP/Library/Org/Util/AES.class.php 第 80 行.
NOTIC: [2048] Declaration of Common\Service\Zshop\AdminUserService::getList() should be compatible with Application\BaseService::getList($where, $page, $pageSize, $fields, $orderBy) /opt/www/zshop/Application/Common/Service/Zshop/AdminUserService.class.php 第 13 行.
NOTIC: [2048] Declaration of Application\BaseModel::add() should be compatible with Think\Model::add($data = '', $options = Array, $replace = false) /opt/www/zshop/Application/BaseModel.class.php 第 12 行.
NOTIC: [2048] Declaration of Common\Model\Zshop\AdminUserModel::getList() should be compatible with Application\BaseModel::getList($where, $page = 1, $pageSize = 10, $fields = Array, $orderBy = '') /opt/www/zshop/Application/Common/Model/Zshop/AdminUserModel.class.php 第 12 行.

[ 2018-09-21T08:53:40+08:00 ] 192.168.52.1 /Admin/Login/login
INFO: [ app_init ] --START--
INFO: Run Behavior\BuildLiteBehavior [ RunTime:0.000007s ]
INFO: [ app_init ] --END-- [ RunTime:0.000179s ]
INFO: [ app_begin ] --START--
INFO: Run Behavior\ReadHtmlCacheBehavior [ RunTime:0.000233s ]
INFO: [ app_begin ] --END-- [ RunTime:0.000260s ]
NOTIC: [2] mdecrypt_generic(): An empty string was passed /opt/www/zshop/ThinkPHP/Library/Org/Util/AES.class.php 第 51 行.
NOTIC: [2] preg_match(): Null byte in regex /opt/www/zshop/ThinkPHP/Library/Org/Util/AES.class.php 第 80 行.
NOTIC: [2048] Declaration of Common\Service\Zshop\AdminUserService::getList() should be compatible with Application\BaseService::getList($where, $page, $pageSize, $fields, $orderBy) /opt/www/zshop/Application/Common/Service/Zshop/AdminUserService.class.php 第 13 行.
NOTIC: [2048] Declaration of Application\BaseModel::add() should be compatible with Think\Model::add($data = '', $options = Array, $replace = false) /opt/www/zshop/Application/BaseModel.class.php 第 12 行.
NOTIC: [2048] Declaration of Common\Model\Zshop\AdminUserModel::getList() should be compatible with Application\BaseModel::getList($where, $page = 1, $pageSize = 10, $fields = Array, $orderBy = '') /opt/www/zshop/Application/Common/Model/Zshop/AdminUserModel.class.php 第 12 行.
INFO: [ view_parse ] --START--
INFO: [ template_filter ] --START--
INFO: Run Behavior\ContentReplaceBehavior [ RunTime:0.000032s ]
INFO: [ template_filter ] --END-- [ RunTime:0.000078s ]
INFO: Run Behavior\ParseTemplateBehavior [ RunTime:0.003446s ]
INFO: [ view_parse ] --END-- [ RunTime:0.003474s ]
INFO: [ view_filter ] --START--
INFO: Run Behavior\WriteHtmlCacheBehavior [ RunTime:0.000082s ]
INFO: [ view_filter ] --END-- [ RunTime:0.000101s ]
INFO: [ app_end ] --START--
INFO: Run Behavior\ShowPageTraceBehavior [ RunTime:0.000313s ]
INFO: [ app_end ] --END-- [ RunTime:0.000337s ]

[ 2018-09-21T08:53:53+08:00 ] 192.168.52.1 /Admin/Login/doLogin
INFO: [ app_init ] --START--
INFO: Run Behavior\BuildLiteBehavior [ RunTime:0.000009s ]
INFO: [ app_init ] --END-- [ RunTime:0.000188s ]
INFO: [ app_begin ] --START--
INFO: Run Behavior\ReadHtmlCacheBehavior [ RunTime:0.000225s ]
INFO: [ app_begin ] --END-- [ RunTime:0.000252s ]
NOTIC: [2] mdecrypt_generic(): An empty string was passed /opt/www/zshop/ThinkPHP/Library/Org/Util/AES.class.php 第 51 行.
NOTIC: [2] preg_match(): Null byte in regex /opt/www/zshop/ThinkPHP/Library/Org/Util/AES.class.php 第 80 行.
NOTIC: [2048] Declaration of Common\Service\Zshop\AdminUserService::getList() should be compatible with Application\BaseService::getList($where, $page, $pageSize, $fields, $orderBy) /opt/www/zshop/Application/Common/Service/Zshop/AdminUserService.class.php 第 13 行.
NOTIC: [2048] Declaration of Application\BaseModel::add() should be compatible with Think\Model::add($data = '', $options = Array, $replace = false) /opt/www/zshop/Application/BaseModel.class.php 第 12 行.
NOTIC: [2048] Declaration of Common\Model\Zshop\AdminUserModel::getList() should be compatible with Application\BaseModel::getList($where, $page = 1, $pageSize = 10, $fields = Array, $orderBy = '') /opt/www/zshop/Application/Common/Model/Zshop/AdminUserModel.class.php 第 12 行.
SQL: SELECT * FROM `ti_admin_users` WHERE `name` = 'admin' AND `password` = '2e88327de2f97110f6c5f97be61a25b8' LIMIT 1   [ RunTime:0.0006s ]

[ 2018-09-21T08:53:53+08:00 ] 192.168.52.1 /Admin/index
INFO: [ app_init ] --START--
INFO: Run Behavior\BuildLiteBehavior [ RunTime:0.000009s ]
INFO: [ app_init ] --END-- [ RunTime:0.000356s ]
INFO: [ app_begin ] --START--
INFO: Run Behavior\ReadHtmlCacheBehavior [ RunTime:0.000240s ]
INFO: [ app_begin ] --END-- [ RunTime:0.000267s ]
NOTIC: [2] mdecrypt_generic(): An empty string was passed /opt/www/zshop/ThinkPHP/Library/Org/Util/AES.class.php 第 51 行.
NOTIC: [2] preg_match(): Null byte in regex /opt/www/zshop/ThinkPHP/Library/Org/Util/AES.class.php 第 80 行.
NOTIC: [2048] Declaration of Application\BaseModel::add() should be compatible with Think\Model::add($data = '', $options = Array, $replace = false) /opt/www/zshop/Application/BaseModel.class.php 第 12 行.
NOTIC: [2048] Declaration of Common\Model\Zshop\UserModel::getList() should be compatible with Application\BaseModel::getList($where, $page = 1, $pageSize = 10, $fields = Array, $orderBy = '') /opt/www/zshop/Application/Common/Model/Zshop/UserModel.class.php 第 12 行.
NOTIC: [8] Undefined variable: userCount /opt/www/zshop/Application/Admin/Controller/IndexController.class.php 第 36 行.
NOTIC: [8] Undefined variable: channelCount /opt/www/zshop/Application/Admin/Controller/IndexController.class.php 第 37 行.
NOTIC: [8] Undefined variable: loginCount /opt/www/zshop/Application/Admin/Controller/IndexController.class.php 第 41 行.
NOTIC: [8] Undefined variable: recommendJobCount /opt/www/zshop/Application/Admin/Controller/IndexController.class.php 第 46 行.
NOTIC: [8] Undefined variable: recommendResumeCount /opt/www/zshop/Application/Admin/Controller/IndexController.class.php 第 47 行.
NOTIC: [8] Undefined variable: invitBySmsCount /opt/www/zshop/Application/Admin/Controller/IndexController.class.php 第 48 行.
NOTIC: [8] Undefined variable: receiveCount /opt/www/zshop/Application/Admin/Controller/IndexController.class.php 第 49 行.
NOTIC: [8] Undefined variable: autoReceiveCount /opt/www/zshop/Application/Admin/Controller/IndexController.class.php 第 50 行.
NOTIC: [8] Undefined variable: rejectCount /opt/www/zshop/Application/Admin/Controller/IndexController.class.php 第 51 行.
INFO: [ view_parse ] --START--
INFO: [ template_filter ] --START--
INFO: Run Behavior\ContentReplaceBehavior [ RunTime:0.000041s ]
INFO: [ template_filter ] --END-- [ RunTime:0.000077s ]
NOTIC: [8] Undefined variable: currentPage /opt/www/zshop/Runtime/Cache/Admin/53ba6b9177d3b17ee3b89aee36ab9c4d.php 第 10 行.
NOTIC: [8] Use of undefined constant today - assumed 'today' /opt/www/zshop/Runtime/Cache/Admin/53ba6b9177d3b17ee3b89aee36ab9c4d.php 第 203 行.
NOTIC: [8] Use of undefined constant yesterday - assumed 'yesterday' /opt/www/zshop/Runtime/Cache/Admin/53ba6b9177d3b17ee3b89aee36ab9c4d.php 第 204 行.
NOTIC: [8] Use of undefined constant week - assumed 'week' /opt/www/zshop/Runtime/Cache/Admin/53ba6b9177d3b17ee3b89aee36ab9c4d.php 第 205 行.
NOTIC: [8] Use of undefined constant month - assumed 'month' /opt/www/zshop/Runtime/Cache/Admin/53ba6b9177d3b17ee3b89aee36ab9c4d.php 第 206 行.
NOTIC: [8] Use of undefined constant all - assumed 'all' /opt/www/zshop/Runtime/Cache/Admin/53ba6b9177d3b17ee3b89aee36ab9c4d.php 第 207 行.
INFO: Run Behavior\ParseTemplateBehavior [ RunTime:0.009430s ]
INFO: [ view_parse ] --END-- [ RunTime:0.009453s ]
INFO: [ view_filter ] --START--
INFO: Run Behavior\WriteHtmlCacheBehavior [ RunTime:0.000093s ]
INFO: [ view_filter ] --END-- [ RunTime:0.000115s ]
INFO: [ app_end ] --START--
INFO: Run Behavior\ShowPageTraceBehavior [ RunTime:0.000292s ]
INFO: [ app_end ] --END-- [ RunTime:0.000318s ]

[ 2018-09-21T08:55:42+08:00 ] 192.168.52.1 /Admin/index
INFO: [ app_init ] --START--
INFO: Run Behavior\BuildLiteBehavior [ RunTime:0.000009s ]
INFO: [ app_init ] --END-- [ RunTime:0.000193s ]
INFO: [ app_begin ] --START--
INFO: Run Behavior\ReadHtmlCacheBehavior [ RunTime:0.000233s ]
INFO: [ app_begin ] --END-- [ RunTime:0.000260s ]
NOTIC: [2] mdecrypt_generic(): An empty string was passed /opt/www/zshop/ThinkPHP/Library/Org/Util/AES.class.php 第 51 行.
NOTIC: [2] preg_match(): Null byte in regex /opt/www/zshop/ThinkPHP/Library/Org/Util/AES.class.php 第 80 行.
NOTIC: [2048] Declaration of Application\BaseModel::add() should be compatible with Think\Model::add($data = '', $options = Array, $replace = false) /opt/www/zshop/Application/BaseModel.class.php 第 12 行.
NOTIC: [2048] Declaration of Common\Model\Zshop\UserModel::getList() should be compatible with Application\BaseModel::getList($where, $page = 1, $pageSize = 10, $fields = Array, $orderBy = '') /opt/www/zshop/Application/Common/Model/Zshop/UserModel.class.php 第 12 行.
NOTIC: [8] Undefined variable: userCount /opt/www/zshop/Application/Admin/Controller/IndexController.class.php 第 36 行.
NOTIC: [8] Undefined variable: channelCount /opt/www/zshop/Application/Admin/Controller/IndexController.class.php 第 37 行.
NOTIC: [8] Undefined variable: loginCount /opt/www/zshop/Application/Admin/Controller/IndexController.class.php 第 41 行.
NOTIC: [8] Undefined variable: recommendJobCount /opt/www/zshop/Application/Admin/Controller/IndexController.class.php 第 46 行.
NOTIC: [8] Undefined variable: recommendResumeCount /opt/www/zshop/Application/Admin/Controller/IndexController.class.php 第 47 行.
NOTIC: [8] Undefined variable: invitBySmsCount /opt/www/zshop/Application/Admin/Controller/IndexController.class.php 第 48 行.
NOTIC: [8] Undefined variable: receiveCount /opt/www/zshop/Application/Admin/Controller/IndexController.class.php 第 49 行.
NOTIC: [8] Undefined variable: autoReceiveCount /opt/www/zshop/Application/Admin/Controller/IndexController.class.php 第 50 行.
NOTIC: [8] Undefined variable: rejectCount /opt/www/zshop/Application/Admin/Controller/IndexController.class.php 第 51 行.
INFO: [ view_parse ] --START--
INFO: [ template_filter ] --START--
INFO: Run Behavior\ContentReplaceBehavior [ RunTime:0.000037s ]
INFO: [ template_filter ] --END-- [ RunTime:0.000069s ]
NOTIC: [8] Undefined variable: currentPage /opt/www/zshop/Runtime/Cache/Admin/53ba6b9177d3b17ee3b89aee36ab9c4d.php 第 10 行.
NOTIC: [8] Use of undefined constant today - assumed 'today' /opt/www/zshop/Runtime/Cache/Admin/53ba6b9177d3b17ee3b89aee36ab9c4d.php 第 203 行.
NOTIC: [8] Use of undefined constant yesterday - assumed 'yesterday' /opt/www/zshop/Runtime/Cache/Admin/53ba6b9177d3b17ee3b89aee36ab9c4d.php 第 204 行.
NOTIC: [8] Use of undefined constant week - assumed 'week' /opt/www/zshop/Runtime/Cache/Admin/53ba6b9177d3b17ee3b89aee36ab9c4d.php 第 205 行.
NOTIC: [8] Use of undefined constant month - assumed 'month' /opt/www/zshop/Runtime/Cache/Admin/53ba6b9177d3b17ee3b89aee36ab9c4d.php 第 206 行.
NOTIC: [8] Use of undefined constant all - assumed 'all' /opt/www/zshop/Runtime/Cache/Admin/53ba6b9177d3b17ee3b89aee36ab9c4d.php 第 207 行.
INFO: Run Behavior\ParseTemplateBehavior [ RunTime:0.009546s ]
INFO: [ view_parse ] --END-- [ RunTime:0.009568s ]
INFO: [ view_filter ] --START--
INFO: Run Behavior\WriteHtmlCacheBehavior [ RunTime:0.000134s ]
INFO: [ view_filter ] --END-- [ RunTime:0.000155s ]
INFO: [ app_end ] --START--
INFO: Run Behavior\ShowPageTraceBehavior [ RunTime:0.000261s ]
INFO: [ app_end ] --END-- [ RunTime:0.000286s ]

[ 2018-09-21T08:55:54+08:00 ] 192.168.52.1 /admin/index/index/date/yesterday
INFO: [ app_init ] --START--
INFO: Run Behavior\BuildLiteBehavior [ RunTime:0.000009s ]
INFO: [ app_init ] --END-- [ RunTime:0.000224s ]
INFO: [ app_begin ] --START--
INFO: Run Behavior\ReadHtmlCacheBehavior [ RunTime:0.000225s ]
INFO: [ app_begin ] --END-- [ RunTime:0.000250s ]
NOTIC: [2] mdecrypt_generic(): An empty string was passed /opt/www/zshop/ThinkPHP/Library/Org/Util/AES.class.php 第 51 行.
NOTIC: [2] preg_match(): Null byte in regex /opt/www/zshop/ThinkPHP/Library/Org/Util/AES.class.php 第 80 行.
NOTIC: [2048] Declaration of Application\BaseModel::add() should be compatible with Think\Model::add($data = '', $options = Array, $replace = false) /opt/www/zshop/Application/BaseModel.class.php 第 12 行.
NOTIC: [2048] Declaration of Common\Model\Zshop\UserModel::getList() should be compatible with Application\BaseModel::getList($where, $page = 1, $pageSize = 10, $fields = Array, $orderBy = '') /opt/www/zshop/Application/Common/Model/Zshop/UserModel.class.php 第 12 行.
NOTIC: [8] Undefined variable: userCount /opt/www/zshop/Application/Admin/Controller/IndexController.class.php 第 36 行.
NOTIC: [8] Undefined variable: channelCount /opt/www/zshop/Application/Admin/Controller/IndexController.class.php 第 37 行.
NOTIC: [8] Undefined variable: loginCount /opt/www/zshop/Application/Admin/Controller/IndexController.class.php 第 41 行.
NOTIC: [8] Undefined variable: recommendJobCount /opt/www/zshop/Application/Admin/Controller/IndexController.class.php 第 46 行.
NOTIC: [8] Undefined variable: recommendResumeCount /opt/www/zshop/Application/Admin/Controller/IndexController.class.php 第 47 行.
NOTIC: [8] Undefined variable: invitBySmsCount /opt/www/zshop/Application/Admin/Controller/IndexController.class.php 第 48 行.
NOTIC: [8] Undefined variable: receiveCount /opt/www/zshop/Application/Admin/Controller/IndexController.class.php 第 49 行.
NOTIC: [8] Undefined variable: autoReceiveCount /opt/www/zshop/Application/Admin/Controller/IndexController.class.php 第 50 行.
NOTIC: [8] Undefined variable: rejectCount /opt/www/zshop/Application/Admin/Controller/IndexController.class.php 第 51 行.
INFO: [ view_parse ] --START--
INFO: [ template_filter ] --START--
INFO: Run Behavior\ContentReplaceBehavior [ RunTime:0.000038s ]
INFO: [ template_filter ] --END-- [ RunTime:0.000072s ]
NOTIC: [8] Undefined variable: currentPage /opt/www/zshop/Runtime/Cache/Admin/53ba6b9177d3b17ee3b89aee36ab9c4d.php 第 10 行.
NOTIC: [8] Use of undefined constant today - assumed 'today' /opt/www/zshop/Runtime/Cache/Admin/53ba6b9177d3b17ee3b89aee36ab9c4d.php 第 203 行.
NOTIC: [8] Use of undefined constant yesterday - assumed 'yesterday' /opt/www/zshop/Runtime/Cache/Admin/53ba6b9177d3b17ee3b89aee36ab9c4d.php 第 204 行.
NOTIC: [8] Use of undefined constant week - assumed 'week' /opt/www/zshop/Runtime/Cache/Admin/53ba6b9177d3b17ee3b89aee36ab9c4d.php 第 205 行.
NOTIC: [8] Use of undefined constant month - assumed 'month' /opt/www/zshop/Runtime/Cache/Admin/53ba6b9177d3b17ee3b89aee36ab9c4d.php 第 206 行.
NOTIC: [8] Use of undefined constant all - assumed 'all' /opt/www/zshop/Runtime/Cache/Admin/53ba6b9177d3b17ee3b89aee36ab9c4d.php 第 207 行.
INFO: Run Behavior\ParseTemplateBehavior [ RunTime:0.009635s ]
INFO: [ view_parse ] --END-- [ RunTime:0.009658s ]
INFO: [ view_filter ] --START--
INFO: Run Behavior\WriteHtmlCacheBehavior [ RunTime:0.000090s ]
INFO: [ view_filter ] --END-- [ RunTime:0.000122s ]
INFO: [ app_end ] --START--
INFO: Run Behavior\ShowPageTraceBehavior [ RunTime:0.000249s ]
INFO: [ app_end ] --END-- [ RunTime:0.000274s ]

[ 2018-09-21T08:55:54+08:00 ] 192.168.52.1 /admin/index/index/date/week
INFO: [ app_init ] --START--
INFO: Run Behavior\BuildLiteBehavior [ RunTime:0.000008s ]
INFO: [ app_init ] --END-- [ RunTime:0.000186s ]
INFO: [ app_begin ] --START--
INFO: Run Behavior\ReadHtmlCacheBehavior [ RunTime:0.000229s ]
INFO: [ app_begin ] --END-- [ RunTime:0.000256s ]
NOTIC: [2] mdecrypt_generic(): An empty string was passed /opt/www/zshop/ThinkPHP/Library/Org/Util/AES.class.php 第 51 行.
NOTIC: [2] preg_match(): Null byte in regex /opt/www/zshop/ThinkPHP/Library/Org/Util/AES.class.php 第 80 行.
NOTIC: [2048] Declaration of Application\BaseModel::add() should be compatible with Think\Model::add($data = '', $options = Array, $replace = false) /opt/www/zshop/Application/BaseModel.class.php 第 12 行.
NOTIC: [2048] Declaration of Common\Model\Zshop\UserModel::getList() should be compatible with Application\BaseModel::getList($where, $page = 1, $pageSize = 10, $fields = Array, $orderBy = '') /opt/www/zshop/Application/Common/Model/Zshop/UserModel.class.php 第 12 行.
NOTIC: [8] Undefined variable: userCount /opt/www/zshop/Application/Admin/Controller/IndexController.class.php 第 36 行.
NOTIC: [8] Undefined variable: channelCount /opt/www/zshop/Application/Admin/Controller/IndexController.class.php 第 37 行.
NOTIC: [8] Undefined variable: loginCount /opt/www/zshop/Application/Admin/Controller/IndexController.class.php 第 41 行.
NOTIC: [8] Undefined variable: recommendJobCount /opt/www/zshop/Application/Admin/Controller/IndexController.class.php 第 46 行.
NOTIC: [8] Undefined variable: recommendResumeCount /opt/www/zshop/Application/Admin/Controller/IndexController.class.php 第 47 行.
NOTIC: [8] Undefined variable: invitBySmsCount /opt/www/zshop/Application/Admin/Controller/IndexController.class.php 第 48 行.
NOTIC: [8] Undefined variable: receiveCount /opt/www/zshop/Application/Admin/Controller/IndexController.class.php 第 49 行.
NOTIC: [8] Undefined variable: autoReceiveCount /opt/www/zshop/Application/Admin/Controller/IndexController.class.php 第 50 行.
NOTIC: [8] Undefined variable: rejectCount /opt/www/zshop/Application/Admin/Controller/IndexController.class.php 第 51 行.
INFO: [ view_parse ] --START--
INFO: [ template_filter ] --START--
INFO: Run Behavior\ContentReplaceBehavior [ RunTime:0.000040s ]
INFO: [ template_filter ] --END-- [ RunTime:0.000079s ]
NOTIC: [8] Undefined variable: currentPage /opt/www/zshop/Runtime/Cache/Admin/53ba6b9177d3b17ee3b89aee36ab9c4d.php 第 10 行.
NOTIC: [8] Use of undefined constant today - assumed 'today' /opt/www/zshop/Runtime/Cache/Admin/53ba6b9177d3b17ee3b89aee36ab9c4d.php 第 203 行.
NOTIC: [8] Use of undefined constant yesterday - assumed 'yesterday' /opt/www/zshop/Runtime/Cache/Admin/53ba6b9177d3b17ee3b89aee36ab9c4d.php 第 204 行.
NOTIC: [8] Use of undefined constant week - assumed 'week' /opt/www/zshop/Runtime/Cache/Admin/53ba6b9177d3b17ee3b89aee36ab9c4d.php 第 205 行.
NOTIC: [8] Use of undefined constant month - assumed 'month' /opt/www/zshop/Runtime/Cache/Admin/53ba6b9177d3b17ee3b89aee36ab9c4d.php 第 206 行.
NOTIC: [8] Use of undefined constant all - assumed 'all' /opt/www/zshop/Runtime/Cache/Admin/53ba6b9177d3b17ee3b89aee36ab9c4d.php 第 207 行.
INFO: Run Behavior\ParseTemplateBehavior [ RunTime:0.008917s ]
INFO: [ view_parse ] --END-- [ RunTime:0.008941s ]
INFO: [ view_filter ] --START--
INFO: Run Behavior\WriteHtmlCacheBehavior [ RunTime:0.000109s ]
INFO: [ view_filter ] --END-- [ RunTime:0.000130s ]
INFO: [ app_end ] --START--
INFO: Run Behavior\ShowPageTraceBehavior [ RunTime:0.000266s ]
INFO: [ app_end ] --END-- [ RunTime:0.000290s ]

[ 2018-09-21T08:55:55+08:00 ] 192.168.52.1 /admin/index/index/date/month
INFO: [ app_init ] --START--
INFO: Run Behavior\BuildLiteBehavior [ RunTime:0.000008s ]
INFO: [ app_init ] --END-- [ RunTime:0.000213s ]
INFO: [ app_begin ] --START--
INFO: Run Behavior\ReadHtmlCacheBehavior [ RunTime:0.000245s ]
INFO: [ app_begin ] --END-- [ RunTime:0.000272s ]
NOTIC: [2] mdecrypt_generic(): An empty string was passed /opt/www/zshop/ThinkPHP/Library/Org/Util/AES.class.php 第 51 行.
NOTIC: [2] preg_match(): Null byte in regex /opt/www/zshop/ThinkPHP/Library/Org/Util/AES.class.php 第 80 行.
NOTIC: [2048] Declaration of Application\BaseModel::add() should be compatible with Think\Model::add($data = '', $options = Array, $replace = false) /opt/www/zshop/Application/BaseModel.class.php 第 12 行.
NOTIC: [2048] Declaration of Common\Model\Zshop\UserModel::getList() should be compatible with Application\BaseModel::getList($where, $page = 1, $pageSize = 10, $fields = Array, $orderBy = '') /opt/www/zshop/Application/Common/Model/Zshop/UserModel.class.php 第 12 行.
NOTIC: [8] Undefined variable: userCount /opt/www/zshop/Application/Admin/Controller/IndexController.class.php 第 36 行.
NOTIC: [8] Undefined variable: channelCount /opt/www/zshop/Application/Admin/Controller/IndexController.class.php 第 37 行.
NOTIC: [8] Undefined variable: loginCount /opt/www/zshop/Application/Admin/Controller/IndexController.class.php 第 41 行.
NOTIC: [8] Undefined variable: recommendJobCount /opt/www/zshop/Application/Admin/Controller/IndexController.class.php 第 46 行.
NOTIC: [8] Undefined variable: recommendResumeCount /opt/www/zshop/Application/Admin/Controller/IndexController.class.php 第 47 行.
NOTIC: [8] Undefined variable: invitBySmsCount /opt/www/zshop/Application/Admin/Controller/IndexController.class.php 第 48 行.
NOTIC: [8] Undefined variable: receiveCount /opt/www/zshop/Application/Admin/Controller/IndexController.class.php 第 49 行.
NOTIC: [8] Undefined variable: autoReceiveCount /opt/www/zshop/Application/Admin/Controller/IndexController.class.php 第 50 行.
NOTIC: [8] Undefined variable: rejectCount /opt/www/zshop/Application/Admin/Controller/IndexController.class.php 第 51 行.
INFO: [ view_parse ] --START--
INFO: [ template_filter ] --START--
INFO: Run Behavior\ContentReplaceBehavior [ RunTime:0.000042s ]
INFO: [ template_filter ] --END-- [ RunTime:0.000077s ]
NOTIC: [8] Undefined variable: currentPage /opt/www/zshop/Runtime/Cache/Admin/53ba6b9177d3b17ee3b89aee36ab9c4d.php 第 10 行.
NOTIC: [8] Use of undefined constant today - assumed 'today' /opt/www/zshop/Runtime/Cache/Admin/53ba6b9177d3b17ee3b89aee36ab9c4d.php 第 203 行.
NOTIC: [8] Use of undefined constant yesterday - assumed 'yesterday' /opt/www/zshop/Runtime/Cache/Admin/53ba6b9177d3b17ee3b89aee36ab9c4d.php 第 204 行.
NOTIC: [8] Use of undefined constant week - assumed 'week' /opt/www/zshop/Runtime/Cache/Admin/53ba6b9177d3b17ee3b89aee36ab9c4d.php 第 205 行.
NOTIC: [8] Use of undefined constant month - assumed 'month' /opt/www/zshop/Runtime/Cache/Admin/53ba6b9177d3b17ee3b89aee36ab9c4d.php 第 206 行.
NOTIC: [8] Use of undefined constant all - assumed 'all' /opt/www/zshop/Runtime/Cache/Admin/53ba6b9177d3b17ee3b89aee36ab9c4d.php 第 207 行.
INFO: Run Behavior\ParseTemplateBehavior [ RunTime:0.009185s ]
INFO: [ view_parse ] --END-- [ RunTime:0.009208s ]
INFO: [ view_filter ] --START--
INFO: Run Behavior\WriteHtmlCacheBehavior [ RunTime:0.000092s ]
INFO: [ view_filter ] --END-- [ RunTime:0.000114s ]
INFO: [ app_end ] --START--
INFO: Run Behavior\ShowPageTraceBehavior [ RunTime:0.000264s ]
INFO: [ app_end ] --END-- [ RunTime:0.000290s ]

[ 2018-09-21T08:55:56+08:00 ] 192.168.52.1 /admin/index/index/date/all
INFO: [ app_init ] --START--
INFO: Run Behavior\BuildLiteBehavior [ RunTime:0.000009s ]
INFO: [ app_init ] --END-- [ RunTime:0.000191s ]
INFO: [ app_begin ] --START--
INFO: Run Behavior\ReadHtmlCacheBehavior [ RunTime:0.000239s ]
INFO: [ app_begin ] --END-- [ RunTime:0.000267s ]
NOTIC: [2] mdecrypt_generic(): An empty string was passed /opt/www/zshop/ThinkPHP/Library/Org/Util/AES.class.php 第 51 行.
NOTIC: [2] preg_match(): Null byte in regex /opt/www/zshop/ThinkPHP/Library/Org/Util/AES.class.php 第 80 行.
NOTIC: [2048] Declaration of Application\BaseModel::add() should be compatible with Think\Model::add($data = '', $options = Array, $replace = false) /opt/www/zshop/Application/BaseModel.class.php 第 12 行.
NOTIC: [2048] Declaration of Common\Model\Zshop\UserModel::getList() should be compatible with Application\BaseModel::getList($where, $page = 1, $pageSize = 10, $fields = Array, $orderBy = '') /opt/www/zshop/Application/Common/Model/Zshop/UserModel.class.php 第 12 行.
NOTIC: [8] Undefined variable: userCount /opt/www/zshop/Application/Admin/Controller/IndexController.class.php 第 36 行.
NOTIC: [8] Undefined variable: channelCount /opt/www/zshop/Application/Admin/Controller/IndexController.class.php 第 37 行.
NOTIC: [8] Undefined variable: loginCount /opt/www/zshop/Application/Admin/Controller/IndexController.class.php 第 41 行.
NOTIC: [8] Undefined variable: recommendJobCount /opt/www/zshop/Application/Admin/Controller/IndexController.class.php 第 46 行.
NOTIC: [8] Undefined variable: recommendResumeCount /opt/www/zshop/Application/Admin/Controller/IndexController.class.php 第 47 行.
NOTIC: [8] Undefined variable: invitBySmsCount /opt/www/zshop/Application/Admin/Controller/IndexController.class.php 第 48 行.
NOTIC: [8] Undefined variable: receiveCount /opt/www/zshop/Application/Admin/Controller/IndexController.class.php 第 49 行.
NOTIC: [8] Undefined variable: autoReceiveCount /opt/www/zshop/Application/Admin/Controller/IndexController.class.php 第 50 行.
NOTIC: [8] Undefined variable: rejectCount /opt/www/zshop/Application/Admin/Controller/IndexController.class.php 第 51 行.
INFO: [ view_parse ] --START--
INFO: [ template_filter ] --START--
INFO: Run Behavior\ContentReplaceBehavior [ RunTime:0.000036s ]
INFO: [ template_filter ] --END-- [ RunTime:0.000070s ]
NOTIC: [8] Undefined variable: currentPage /opt/www/zshop/Runtime/Cache/Admin/53ba6b9177d3b17ee3b89aee36ab9c4d.php 第 10 行.
NOTIC: [8] Use of undefined constant today - assumed 'today' /opt/www/zshop/Runtime/Cache/Admin/53ba6b9177d3b17ee3b89aee36ab9c4d.php 第 203 行.
NOTIC: [8] Use of undefined constant yesterday - assumed 'yesterday' /opt/www/zshop/Runtime/Cache/Admin/53ba6b9177d3b17ee3b89aee36ab9c4d.php 第 204 行.
NOTIC: [8] Use of undefined constant week - assumed 'week' /opt/www/zshop/Runtime/Cache/Admin/53ba6b9177d3b17ee3b89aee36ab9c4d.php 第 205 行.
NOTIC: [8] Use of undefined constant month - assumed 'month' /opt/www/zshop/Runtime/Cache/Admin/53ba6b9177d3b17ee3b89aee36ab9c4d.php 第 206 行.
NOTIC: [8] Use of undefined constant all - assumed 'all' /opt/www/zshop/Runtime/Cache/Admin/53ba6b9177d3b17ee3b89aee36ab9c4d.php 第 207 行.
INFO: Run Behavior\ParseTemplateBehavior [ RunTime:0.009622s ]
INFO: [ view_parse ] --END-- [ RunTime:0.009644s ]
INFO: [ view_filter ] --START--
INFO: Run Behavior\WriteHtmlCacheBehavior [ RunTime:0.000086s ]
INFO: [ view_filter ] --END-- [ RunTime:0.000107s ]
INFO: [ app_end ] --START--
INFO: Run Behavior\ShowPageTraceBehavior [ RunTime:0.000252s ]
INFO: [ app_end ] --END-- [ RunTime:0.000277s ]

[ 2018-09-21T08:55:56+08:00 ] 192.168.52.1 /admin/index/index/date/today
INFO: [ app_init ] --START--
INFO: Run Behavior\BuildLiteBehavior [ RunTime:0.000007s ]
INFO: [ app_init ] --END-- [ RunTime:0.000179s ]
INFO: [ app_begin ] --START--
INFO: Run Behavior\ReadHtmlCacheBehavior [ RunTime:0.000228s ]
INFO: [ app_begin ] --END-- [ RunTime:0.000256s ]
NOTIC: [2] mdecrypt_generic(): An empty string was passed /opt/www/zshop/ThinkPHP/Library/Org/Util/AES.class.php 第 51 行.
NOTIC: [2] preg_match(): Null byte in regex /opt/www/zshop/ThinkPHP/Library/Org/Util/AES.class.php 第 80 行.
NOTIC: [2048] Declaration of Application\BaseModel::add() should be compatible with Think\Model::add($data = '', $options = Array, $replace = false) /opt/www/zshop/Application/BaseModel.class.php 第 12 行.
NOTIC: [2048] Declaration of Common\Model\Zshop\UserModel::getList() should be compatible with Application\BaseModel::getList($where, $page = 1, $pageSize = 10, $fields = Array, $orderBy = '') /opt/www/zshop/Application/Common/Model/Zshop/UserModel.class.php 第 12 行.
NOTIC: [8] Undefined variable: userCount /opt/www/zshop/Application/Admin/Controller/IndexController.class.php 第 36 行.
NOTIC: [8] Undefined variable: channelCount /opt/www/zshop/Application/Admin/Controller/IndexController.class.php 第 37 行.
NOTIC: [8] Undefined variable: loginCount /opt/www/zshop/Application/Admin/Controller/IndexController.class.php 第 41 行.
NOTIC: [8] Undefined variable: recommendJobCount /opt/www/zshop/Application/Admin/Controller/IndexController.class.php 第 46 行.
NOTIC: [8] Undefined variable: recommendResumeCount /opt/www/zshop/Application/Admin/Controller/IndexController.class.php 第 47 行.
NOTIC: [8] Undefined variable: invitBySmsCount /opt/www/zshop/Application/Admin/Controller/IndexController.class.php 第 48 行.
NOTIC: [8] Undefined variable: receiveCount /opt/www/zshop/Application/Admin/Controller/IndexController.class.php 第 49 行.
NOTIC: [8] Undefined variable: autoReceiveCount /opt/www/zshop/Application/Admin/Controller/IndexController.class.php 第 50 行.
NOTIC: [8] Undefined variable: rejectCount /opt/www/zshop/Application/Admin/Controller/IndexController.class.php 第 51 行.
INFO: [ view_parse ] --START--
INFO: [ template_filter ] --START--
INFO: Run Behavior\ContentReplaceBehavior [ RunTime:0.000040s ]
INFO: [ template_filter ] --END-- [ RunTime:0.000072s ]
NOTIC: [8] Undefined variable: currentPage /opt/www/zshop/Runtime/Cache/Admin/53ba6b9177d3b17ee3b89aee36ab9c4d.php 第 10 行.
NOTIC: [8] Use of undefined constant today - assumed 'today' /opt/www/zshop/Runtime/Cache/Admin/53ba6b9177d3b17ee3b89aee36ab9c4d.php 第 203 行.
NOTIC: [8] Use of undefined constant yesterday - assumed 'yesterday' /opt/www/zshop/Runtime/Cache/Admin/53ba6b9177d3b17ee3b89aee36ab9c4d.php 第 204 行.
NOTIC: [8] Use of undefined constant week - assumed 'week' /opt/www/zshop/Runtime/Cache/Admin/53ba6b9177d3b17ee3b89aee36ab9c4d.php 第 205 行.
NOTIC: [8] Use of undefined constant month - assumed 'month' /opt/www/zshop/Runtime/Cache/Admin/53ba6b9177d3b17ee3b89aee36ab9c4d.php 第 206 行.
NOTIC: [8] Use of undefined constant all - assumed 'all' /opt/www/zshop/Runtime/Cache/Admin/53ba6b9177d3b17ee3b89aee36ab9c4d.php 第 207 行.
INFO: Run Behavior\ParseTemplateBehavior [ RunTime:0.008937s ]
INFO: [ view_parse ] --END-- [ RunTime:0.008961s ]
INFO: [ view_filter ] --START--
INFO: Run Behavior\WriteHtmlCacheBehavior [ RunTime:0.000088s ]
INFO: [ view_filter ] --END-- [ RunTime:0.000109s ]
INFO: [ app_end ] --START--
INFO: Run Behavior\ShowPageTraceBehavior [ RunTime:0.000255s ]
INFO: [ app_end ] --END-- [ RunTime:0.000280s ]

[ 2018-09-21T08:56:09+08:00 ] 192.168.52.1 /admin/index/index/date/today
INFO: [ app_init ] --START--
INFO: Run Behavior\BuildLiteBehavior [ RunTime:0.000009s ]
INFO: [ app_init ] --END-- [ RunTime:0.000189s ]
INFO: [ app_begin ] --START--
INFO: Run Behavior\ReadHtmlCacheBehavior [ RunTime:0.000581s ]
INFO: [ app_begin ] --END-- [ RunTime:0.000622s ]
NOTIC: [2] mdecrypt_generic(): An empty string was passed /opt/www/zshop/ThinkPHP/Library/Org/Util/AES.class.php 第 51 行.
NOTIC: [2] preg_match(): Null byte in regex /opt/www/zshop/ThinkPHP/Library/Org/Util/AES.class.php 第 80 行.
NOTIC: [2048] Declaration of Application\BaseModel::add() should be compatible with Think\Model::add($data = '', $options = Array, $replace = false) /opt/www/zshop/Application/BaseModel.class.php 第 12 行.
NOTIC: [2048] Declaration of Common\Model\Zshop\UserModel::getList() should be compatible with Application\BaseModel::getList($where, $page = 1, $pageSize = 10, $fields = Array, $orderBy = '') /opt/www/zshop/Application/Common/Model/Zshop/UserModel.class.php 第 12 行.
NOTIC: [8] Undefined variable: userCount /opt/www/zshop/Application/Admin/Controller/IndexController.class.php 第 36 行.
NOTIC: [8] Undefined variable: channelCount /opt/www/zshop/Application/Admin/Controller/IndexController.class.php 第 37 行.
NOTIC: [8] Undefined variable: loginCount /opt/www/zshop/Application/Admin/Controller/IndexController.class.php 第 41 行.
NOTIC: [8] Undefined variable: recommendJobCount /opt/www/zshop/Application/Admin/Controller/IndexController.class.php 第 46 行.
NOTIC: [8] Undefined variable: recommendResumeCount /opt/www/zshop/Application/Admin/Controller/IndexController.class.php 第 47 行.
NOTIC: [8] Undefined variable: invitBySmsCount /opt/www/zshop/Application/Admin/Controller/IndexController.class.php 第 48 行.
NOTIC: [8] Undefined variable: receiveCount /opt/www/zshop/Application/Admin/Controller/IndexController.class.php 第 49 行.
NOTIC: [8] Undefined variable: autoReceiveCount /opt/www/zshop/Application/Admin/Controller/IndexController.class.php 第 50 行.
NOTIC: [8] Undefined variable: rejectCount /opt/www/zshop/Application/Admin/Controller/IndexController.class.php 第 51 行.
INFO: [ view_parse ] --START--
INFO: [ template_filter ] --START--
INFO: Run Behavior\ContentReplaceBehavior [ RunTime:0.000036s ]
INFO: [ template_filter ] --END-- [ RunTime:0.000067s ]
NOTIC: [8] Undefined variable: currentPage /opt/www/zshop/Runtime/Cache/Admin/53ba6b9177d3b17ee3b89aee36ab9c4d.php 第 10 行.
NOTIC: [8] Use of undefined constant today - assumed 'today' /opt/www/zshop/Runtime/Cache/Admin/53ba6b9177d3b17ee3b89aee36ab9c4d.php 第 203 行.
NOTIC: [8] Use of undefined constant yesterday - assumed 'yesterday' /opt/www/zshop/Runtime/Cache/Admin/53ba6b9177d3b17ee3b89aee36ab9c4d.php 第 204 行.
NOTIC: [8] Use of undefined constant week - assumed 'week' /opt/www/zshop/Runtime/Cache/Admin/53ba6b9177d3b17ee3b89aee36ab9c4d.php 第 205 行.
NOTIC: [8] Use of undefined constant month - assumed 'month' /opt/www/zshop/Runtime/Cache/Admin/53ba6b9177d3b17ee3b89aee36ab9c4d.php 第 206 行.
NOTIC: [8] Use of undefined constant all - assumed 'all' /opt/www/zshop/Runtime/Cache/Admin/53ba6b9177d3b17ee3b89aee36ab9c4d.php 第 207 行.
INFO: Run Behavior\ParseTemplateBehavior [ RunTime:0.008733s ]
INFO: [ view_parse ] --END-- [ RunTime:0.008762s ]
INFO: [ view_filter ] --START--
INFO: Run Behavior\WriteHtmlCacheBehavior [ RunTime:0.000099s ]
INFO: [ view_filter ] --END-- [ RunTime:0.000121s ]
INFO: [ app_end ] --START--
INFO: Run Behavior\ShowPageTraceBehavior [ RunTime:0.000369s ]
INFO: [ app_end ] --END-- [ RunTime:0.000400s ]

[ 2018-09-21T08:56:54+08:00 ] 192.168.52.1 /admin/index/index/date/today
INFO: [ app_init ] --START--
INFO: Run Behavior\BuildLiteBehavior [ RunTime:0.000008s ]
INFO: [ app_init ] --END-- [ RunTime:0.000188s ]
INFO: [ app_begin ] --START--
INFO: Run Behavior\ReadHtmlCacheBehavior [ RunTime:0.000266s ]
INFO: [ app_begin ] --END-- [ RunTime:0.000291s ]
NOTIC: [2] mdecrypt_generic(): An empty string was passed /opt/www/zshop/ThinkPHP/Library/Org/Util/AES.class.php 第 51 行.
NOTIC: [2] preg_match(): Null byte in regex /opt/www/zshop/ThinkPHP/Library/Org/Util/AES.class.php 第 80 行.
NOTIC: [2048] Declaration of Application\BaseModel::add() should be compatible with Think\Model::add($data = '', $options = Array, $replace = false) /opt/www/zshop/Application/BaseModel.class.php 第 12 行.
NOTIC: [2048] Declaration of Common\Model\Zshop\UserModel::getList() should be compatible with Application\BaseModel::getList($where, $page = 1, $pageSize = 10, $fields = Array, $orderBy = '') /opt/www/zshop/Application/Common/Model/Zshop/UserModel.class.php 第 12 行.
NOTIC: [8] Undefined variable: userCount /opt/www/zshop/Application/Admin/Controller/IndexController.class.php 第 36 行.
NOTIC: [8] Undefined variable: channelCount /opt/www/zshop/Application/Admin/Controller/IndexController.class.php 第 37 行.
NOTIC: [8] Undefined variable: loginCount /opt/www/zshop/Application/Admin/Controller/IndexController.class.php 第 41 行.
NOTIC: [8] Undefined variable: recommendJobCount /opt/www/zshop/Application/Admin/Controller/IndexController.class.php 第 46 行.
NOTIC: [8] Undefined variable: recommendResumeCount /opt/www/zshop/Application/Admin/Controller/IndexController.class.php 第 47 行.
NOTIC: [8] Undefined variable: invitBySmsCount /opt/www/zshop/Application/Admin/Controller/IndexController.class.php 第 48 行.
NOTIC: [8] Undefined variable: receiveCount /opt/www/zshop/Application/Admin/Controller/IndexController.class.php 第 49 行.
NOTIC: [8] Undefined variable: autoReceiveCount /opt/www/zshop/Application/Admin/Controller/IndexController.class.php 第 50 行.
NOTIC: [8] Undefined variable: rejectCount /opt/www/zshop/Application/Admin/Controller/IndexController.class.php 第 51 行.
INFO: [ view_parse ] --START--
INFO: [ template_filter ] --START--
INFO: Run Behavior\ContentReplaceBehavior [ RunTime:0.000038s ]
INFO: [ template_filter ] --END-- [ RunTime:0.000074s ]
NOTIC: [8] Undefined variable: currentPage /opt/www/zshop/Runtime/Cache/Admin/53ba6b9177d3b17ee3b89aee36ab9c4d.php 第 10 行.
NOTIC: [8] Use of undefined constant today - assumed 'today' /opt/www/zshop/Runtime/Cache/Admin/53ba6b9177d3b17ee3b89aee36ab9c4d.php 第 203 行.
NOTIC: [8] Use of undefined constant yesterday - assumed 'yesterday' /opt/www/zshop/Runtime/Cache/Admin/53ba6b9177d3b17ee3b89aee36ab9c4d.php 第 204 行.
NOTIC: [8] Use of undefined constant week - assumed 'week' /opt/www/zshop/Runtime/Cache/Admin/53ba6b9177d3b17ee3b89aee36ab9c4d.php 第 205 行.
NOTIC: [8] Use of undefined constant month - assumed 'month' /opt/www/zshop/Runtime/Cache/Admin/53ba6b9177d3b17ee3b89aee36ab9c4d.php 第 206 行.
NOTIC: [8] Use of undefined constant all - assumed 'all' /opt/www/zshop/Runtime/Cache/Admin/53ba6b9177d3b17ee3b89aee36ab9c4d.php 第 207 行.
INFO: Run Behavior\ParseTemplateBehavior [ RunTime:0.009574s ]
INFO: [ view_parse ] --END-- [ RunTime:0.009596s ]
INFO: [ view_filter ] --START--
INFO: Run Behavior\WriteHtmlCacheBehavior [ RunTime:0.000157s ]
INFO: [ view_filter ] --END-- [ RunTime:0.000179s ]
INFO: [ app_end ] --START--
INFO: Run Behavior\ShowPageTraceBehavior [ RunTime:0.000258s ]
INFO: [ app_end ] --END-- [ RunTime:0.000282s ]

[ 2018-09-21T08:58:29+08:00 ] 192.168.52.1 /Admin/Users/index
INFO: [ app_init ] --START--
INFO: Run Behavior\BuildLiteBehavior [ RunTime:0.000009s ]
INFO: [ app_init ] --END-- [ RunTime:0.000190s ]
INFO: [ app_begin ] --START--
INFO: Run Behavior\ReadHtmlCacheBehavior [ RunTime:0.000232s ]
INFO: [ app_begin ] --END-- [ RunTime:0.000259s ]
NOTIC: [2] mdecrypt_generic(): An empty string was passed /opt/www/zshop/ThinkPHP/Library/Org/Util/AES.class.php 第 51 行.
NOTIC: [2] preg_match(): Null byte in regex /opt/www/zshop/ThinkPHP/Library/Org/Util/AES.class.php 第 80 行.
NOTIC: [2048] Declaration of Application\BaseModel::add() should be compatible with Think\Model::add($data = '', $options = Array, $replace = false) /opt/www/zshop/Application/BaseModel.class.php 第 12 行.
NOTIC: [2048] Declaration of Common\Model\Zshop\UserModel::getList() should be compatible with Application\BaseModel::getList($where, $page = 1, $pageSize = 10, $fields = Array, $orderBy = '') /opt/www/zshop/Application/Common/Model/Zshop/UserModel.class.php 第 12 行.
NOTIC: [2] Missing argument 1 for I(), called in /opt/www/zshop/Application/Admin/Controller/UsersController.class.php on line 21 and defined /opt/www/zshop/ThinkPHP/Common/functions.php 第 271 行.
NOTIC: [8] Undefined variable: name /opt/www/zshop/ThinkPHP/Common/functions.php 第 273 行.
NOTIC: [8] Undefined variable: name /opt/www/zshop/ThinkPHP/Common/functions.php 第 278 行.
NOTIC: [8] Undefined variable: name /opt/www/zshop/ThinkPHP/Common/functions.php 第 339 行.
SQL: SELECT COUNT(*) AS tp_count FROM `ti_users` LIMIT 1   [ RunTime:0.0002s ]
INFO: [ view_parse ] --START--
INFO: [ template_filter ] --START--
INFO: Run Behavior\ContentReplaceBehavior [ RunTime:0.000053s ]
INFO: [ template_filter ] --END-- [ RunTime:0.000093s ]
NOTIC: [8] Use of undefined constant today - assumed 'today' /opt/www/zshop/Runtime/Cache/Admin/bb515f0a41c2764f3b97950cf874afa4.php 第 202 行.
NOTIC: [8] Use of undefined constant yesterday - assumed 'yesterday' /opt/www/zshop/Runtime/Cache/Admin/bb515f0a41c2764f3b97950cf874afa4.php 第 203 行.
NOTIC: [8] Use of undefined constant week - assumed 'week' /opt/www/zshop/Runtime/Cache/Admin/bb515f0a41c2764f3b97950cf874afa4.php 第 204 行.
NOTIC: [8] Use of undefined constant month - assumed 'month' /opt/www/zshop/Runtime/Cache/Admin/bb515f0a41c2764f3b97950cf874afa4.php 第 205 行.
NOTIC: [8] Use of undefined constant all - assumed 'all' /opt/www/zshop/Runtime/Cache/Admin/bb515f0a41c2764f3b97950cf874afa4.php 第 206 行.
NOTIC: [8] Undefined index: mobile /opt/www/zshop/Runtime/Cache/Admin/bb515f0a41c2764f3b97950cf874afa4.php 第 219 行.
INFO: Run Behavior\ParseTemplateBehavior [ RunTime:0.011530s ]
INFO: [ view_parse ] --END-- [ RunTime:0.011554s ]
INFO: [ view_filter ] --START--
INFO: Run Behavior\WriteHtmlCacheBehavior [ RunTime:0.000098s ]
INFO: [ view_filter ] --END-- [ RunTime:0.000118s ]
INFO: [ app_end ] --START--
INFO: Run Behavior\ShowPageTraceBehavior [ RunTime:0.000270s ]
INFO: [ app_end ] --END-- [ RunTime:0.000296s ]

[ 2018-09-21T08:58:32+08:00 ] 192.168.52.1 /Admin/Product
INFO: [ app_init ] --START--
INFO: Run Behavior\BuildLiteBehavior [ RunTime:0.000009s ]
INFO: [ app_init ] --END-- [ RunTime:0.000206s ]
INFO: [ app_begin ] --START--
INFO: Run Behavior\ReadHtmlCacheBehavior [ RunTime:0.000257s ]
INFO: [ app_begin ] --END-- [ RunTime:0.000284s ]
NOTIC: [2] mdecrypt_generic(): An empty string was passed /opt/www/zshop/ThinkPHP/Library/Org/Util/AES.class.php 第 51 行.
NOTIC: [2] preg_match(): Null byte in regex /opt/www/zshop/ThinkPHP/Library/Org/Util/AES.class.php 第 80 行.
NOTIC: [2048] Declaration of Application\BaseModel::add() should be compatible with Think\Model::add($data = '', $options = Array, $replace = false) /opt/www/zshop/Application/BaseModel.class.php 第 12 行.
NOTIC: [2] Missing argument 1 for I(), called in /opt/www/zshop/Application/Admin/Controller/ProductController.class.php on line 28 and defined /opt/www/zshop/ThinkPHP/Common/functions.php 第 271 行.
NOTIC: [8] Undefined variable: name /opt/www/zshop/ThinkPHP/Common/functions.php 第 273 行.
NOTIC: [8] Undefined variable: name /opt/www/zshop/ThinkPHP/Common/functions.php 第 278 行.
NOTIC: [8] Undefined variable: name /opt/www/zshop/ThinkPHP/Common/functions.php 第 339 行.
NOTIC: [8] Undefined variable: where /opt/www/zshop/Application/Admin/Controller/ProductController.class.php 第 32 行.
SQL: SELECT COUNT(*) AS tp_count FROM `ti_product` LIMIT 1   [ RunTime:0.0002s ]
NOTIC: [8] Undefined variable: where /opt/www/zshop/Application/Admin/Controller/ProductController.class.php 第 34 行.
SQL: SELECT * FROM `ti_product` ORDER BY id DESC LIMIT 0,30   [ RunTime:0.0002s ]
SQL: SELECT * FROM `ti_product_cate`  [ RunTime:0.0001s ]
SQL: SELECT * FROM `ti_product_cate`  [ RunTime:0.0001s ]
SQL: SELECT * FROM `ti_product_cate`  [ RunTime:0.0001s ]
SQL: SELECT * FROM `ti_product_cate`  [ RunTime:0.0000s ]
SQL: SELECT * FROM `ti_product_cate`  [ RunTime:0.0000s ]
SQL: SELECT * FROM `ti_product_cate`  [ RunTime:0.0000s ]
SQL: SELECT * FROM `ti_product_cate`  [ RunTime:0.0001s ]
SQL: SELECT * FROM `ti_product_cate`  [ RunTime:0.0001s ]
SQL: SELECT * FROM `ti_product_cate`  [ RunTime:0.0000s ]
SQL: SELECT * FROM `ti_product_cate`  [ RunTime:0.0000s ]
SQL: SELECT * FROM `ti_product_cate`  [ RunTime:0.0000s ]
SQL: SELECT * FROM `ti_product_cate`  [ RunTime:0.0001s ]
SQL: SELECT * FROM `ti_product_cate`  [ RunTime:0.0000s ]
SQL: SELECT * FROM `ti_product_cate`  [ RunTime:0.0000s ]
SQL: SELECT * FROM `ti_product_cate`  [ RunTime:0.0000s ]
SQL: SELECT * FROM `ti_product_cate` WHERE `id` = 17 LIMIT 1   [ RunTime:0.0001s ]
SQL: SELECT * FROM `ti_product_cate` WHERE `id` = 17 LIMIT 1   [ RunTime:0.0000s ]
SQL: SELECT * FROM `ti_product_cate` WHERE `id` = 17 LIMIT 1   [ RunTime:0.0000s ]
SQL: SELECT * FROM `ti_product_cate` WHERE `id` = 17 LIMIT 1   [ RunTime:0.0000s ]
SQL: SELECT * FROM `ti_product_cate` WHERE `id` = 17 LIMIT 1   [ RunTime:0.0000s ]
SQL: SELECT * FROM `ti_product_cate` WHERE `id` = 17 LIMIT 1   [ RunTime:0.0000s ]
SQL: SELECT * FROM `ti_product_cate` WHERE `id` = 17 LIMIT 1   [ RunTime:0.0001s ]
INFO: [ view_parse ] --START--
INFO: [ template_filter ] --START--
INFO: Run Behavior\ContentReplaceBehavior [ RunTime:0.000097s ]
INFO: [ template_filter ] --END-- [ RunTime:0.000136s ]
INFO: Run Behavior\ParseTemplateBehavior [ RunTime:0.010734s ]
INFO: [ view_parse ] --END-- [ RunTime:0.010770s ]
INFO: [ view_filter ] --START--
INFO: Run Behavior\WriteHtmlCacheBehavior [ RunTime:0.000096s ]
INFO: [ view_filter ] --END-- [ RunTime:0.000117s ]
INFO: [ app_end ] --START--
INFO: Run Behavior\ShowPageTraceBehavior [ RunTime:0.000303s ]
INFO: [ app_end ] --END-- [ RunTime:0.000330s ]

[ 2018-09-21T09:00:32+08:00 ] 192.168.52.1 /Admin/Source
INFO: [ app_init ] --START--
INFO: Run Behavior\BuildLiteBehavior [ RunTime:0.000007s ]
INFO: [ app_init ] --END-- [ RunTime:0.000181s ]
INFO: [ app_begin ] --START--
INFO: Run Behavior\ReadHtmlCacheBehavior [ RunTime:0.000229s ]
INFO: [ app_begin ] --END-- [ RunTime:0.000257s ]
NOTIC: [2] mdecrypt_generic(): An empty string was passed /opt/www/zshop/ThinkPHP/Library/Org/Util/AES.class.php 第 51 行.
NOTIC: [2] preg_match(): Null byte in regex /opt/www/zshop/ThinkPHP/Library/Org/Util/AES.class.php 第 80 行.
NOTIC: [2048] Declaration of Application\BaseModel::add() should be compatible with Think\Model::add($data = '', $options = Array, $replace = false) /opt/www/zshop/Application/BaseModel.class.php 第 12 行.
NOTIC: [2] Missing argument 1 for I(), called in /opt/www/zshop/Application/Admin/Controller/SourceController.class.php on line 21 and defined /opt/www/zshop/ThinkPHP/Common/functions.php 第 271 行.
NOTIC: [8] Undefined variable: name /opt/www/zshop/ThinkPHP/Common/functions.php 第 273 行.
NOTIC: [8] Undefined variable: name /opt/www/zshop/ThinkPHP/Common/functions.php 第 278 行.
NOTIC: [8] Undefined variable: name /opt/www/zshop/ThinkPHP/Common/functions.php 第 339 行.
NOTIC: [8] Undefined variable: where /opt/www/zshop/Application/Admin/Controller/SourceController.class.php 第 25 行.
SQL: SELECT COUNT(*) AS tp_count FROM `ti_source` LIMIT 1   [ RunTime:0.0001s ]
NOTIC: [8] Undefined variable: where /opt/www/zshop/Application/Admin/Controller/SourceController.class.php 第 27 行.
ERR: 1054:Unknown column 'id' in 'order clause'
 [ SQL语句 ] : SELECT * FROM `ti_source` ORDER BY id DESC LIMIT 0,30  
ERR: 1054:Unknown column 'id' in 'order clause'
 [ SQL语句 ] : SELECT * FROM `ti_source` ORDER BY id DESC LIMIT 0,30  

[ 2018-09-21T09:01:19+08:00 ] 192.168.52.1 /Admin/Auth/index
INFO: [ app_init ] --START--
INFO: Run Behavior\BuildLiteBehavior [ RunTime:0.000010s ]
INFO: [ app_init ] --END-- [ RunTime:0.000289s ]
INFO: [ app_begin ] --START--
INFO: Run Behavior\ReadHtmlCacheBehavior [ RunTime:0.000250s ]
INFO: [ app_begin ] --END-- [ RunTime:0.000277s ]
NOTIC: [2] mdecrypt_generic(): An empty string was passed /opt/www/zshop/ThinkPHP/Library/Org/Util/AES.class.php 第 51 行.
NOTIC: [2] preg_match(): Null byte in regex /opt/www/zshop/ThinkPHP/Library/Org/Util/AES.class.php 第 80 行.
NOTIC: [2048] Declaration of Application\BaseModel::add() should be compatible with Think\Model::add($data = '', $options = Array, $replace = false) /opt/www/zshop/Application/BaseModel.class.php 第 12 行.
NOTIC: [2] Missing argument 1 for I(), called in /opt/www/zshop/Application/Admin/Controller/AuthController.class.php on line 27 and defined /opt/www/zshop/ThinkPHP/Common/functions.php 第 271 行.
NOTIC: [8] Undefined variable: name /opt/www/zshop/ThinkPHP/Common/functions.php 第 273 行.
NOTIC: [8] Undefined variable: name /opt/www/zshop/ThinkPHP/Common/functions.php 第 278 行.
NOTIC: [8] Undefined variable: name /opt/www/zshop/ThinkPHP/Common/functions.php 第 339 行.
NOTIC: [8] Undefined variable: where /opt/www/zshop/Application/Admin/Controller/AuthController.class.php 第 31 行.
SQL: SELECT COUNT(*) AS tp_count FROM `ti_auth_group` LIMIT 1   [ RunTime:0.0002s ]
NOTIC: [8] Undefined variable: where /opt/www/zshop/Application/Admin/Controller/AuthController.class.php 第 33 行.
SQL: SELECT * FROM `ti_auth_group` ORDER BY id DESC LIMIT 0,30   [ RunTime:0.0001s ]
INFO: [ view_parse ] --START--
INFO: [ template_filter ] --START--
INFO: Run Behavior\ContentReplaceBehavior [ RunTime:0.000047s ]
INFO: [ template_filter ] --END-- [ RunTime:0.000074s ]
INFO: Run Behavior\ParseTemplateBehavior [ RunTime:0.008452s ]
INFO: [ view_parse ] --END-- [ RunTime:0.008479s ]
INFO: [ view_filter ] --START--
INFO: Run Behavior\WriteHtmlCacheBehavior [ RunTime:0.000086s ]
INFO: [ view_filter ] --END-- [ RunTime:0.000106s ]
INFO: [ app_end ] --START--
INFO: Run Behavior\ShowPageTraceBehavior [ RunTime:0.000273s ]
INFO: [ app_end ] --END-- [ RunTime:0.000300s ]

[ 2018-09-21T09:01:21+08:00 ] 192.168.52.1 /Admin/Auth/ruleIndex
INFO: [ app_init ] --START--
INFO: Run Behavior\BuildLiteBehavior [ RunTime:0.000008s ]
INFO: [ app_init ] --END-- [ RunTime:0.000186s ]
INFO: [ app_begin ] --START--
INFO: Run Behavior\ReadHtmlCacheBehavior [ RunTime:0.000230s ]
INFO: [ app_begin ] --END-- [ RunTime:0.000256s ]
NOTIC: [2] mdecrypt_generic(): An empty string was passed /opt/www/zshop/ThinkPHP/Library/Org/Util/AES.class.php 第 51 行.
NOTIC: [2] preg_match(): Null byte in regex /opt/www/zshop/ThinkPHP/Library/Org/Util/AES.class.php 第 80 行.
NOTIC: [2048] Declaration of Application\BaseModel::add() should be compatible with Think\Model::add($data = '', $options = Array, $replace = false) /opt/www/zshop/Application/BaseModel.class.php 第 12 行.
NOTIC: [2] Missing argument 1 for I(), called in /opt/www/zshop/Application/Admin/Controller/AuthController.class.php on line 159 and defined /opt/www/zshop/ThinkPHP/Common/functions.php 第 271 行.
NOTIC: [8] Undefined variable: name /opt/www/zshop/ThinkPHP/Common/functions.php 第 273 行.
NOTIC: [8] Undefined variable: name /opt/www/zshop/ThinkPHP/Common/functions.php 第 278 行.
NOTIC: [8] Undefined variable: name /opt/www/zshop/ThinkPHP/Common/functions.php 第 339 行.
NOTIC: [8] Undefined variable: where /opt/www/zshop/Application/Admin/Controller/AuthController.class.php 第 163 行.
SQL: SELECT COUNT(*) AS tp_count FROM `ti_auth_rule` LIMIT 1   [ RunTime:0.0001s ]
NOTIC: [8] Undefined variable: where /opt/www/zshop/Application/Admin/Controller/AuthController.class.php 第 165 行.
SQL: SELECT * FROM `ti_auth_rule` ORDER BY id DESC LIMIT 0,30   [ RunTime:0.0002s ]
INFO: [ view_parse ] --START--
INFO: [ template_filter ] --START--
INFO: Run Behavior\ContentReplaceBehavior [ RunTime:0.000041s ]
INFO: [ template_filter ] --END-- [ RunTime:0.000076s ]
NOTIC: [8] Undefined variable: groupList /opt/www/zshop/Runtime/Cache/Admin/2594a9a2211c7e1550378816193def8a.php 第 215 行.
NOTIC: [8] Undefined variable: groupList /opt/www/zshop/Runtime/Cache/Admin/2594a9a2211c7e1550378816193def8a.php 第 215 行.
NOTIC: [8] Undefined variable: groupList /opt/www/zshop/Runtime/Cache/Admin/2594a9a2211c7e1550378816193def8a.php 第 215 行.
NOTIC: [8] Undefined variable: groupList /opt/www/zshop/Runtime/Cache/Admin/2594a9a2211c7e1550378816193def8a.php 第 215 行.
NOTIC: [8] Undefined variable: groupList /opt/www/zshop/Runtime/Cache/Admin/2594a9a2211c7e1550378816193def8a.php 第 215 行.
NOTIC: [8] Undefined variable: groupList /opt/www/zshop/Runtime/Cache/Admin/2594a9a2211c7e1550378816193def8a.php 第 215 行.
NOTIC: [8] Undefined variable: groupList /opt/www/zshop/Runtime/Cache/Admin/2594a9a2211c7e1550378816193def8a.php 第 215 行.
NOTIC: [8] Undefined variable: groupList /opt/www/zshop/Runtime/Cache/Admin/2594a9a2211c7e1550378816193def8a.php 第 215 行.
NOTIC: [8] Undefined variable: groupList /opt/www/zshop/Runtime/Cache/Admin/2594a9a2211c7e1550378816193def8a.php 第 215 行.
NOTIC: [8] Undefined variable: groupList /opt/www/zshop/Runtime/Cache/Admin/2594a9a2211c7e1550378816193def8a.php 第 215 行.
NOTIC: [8] Undefined variable: groupList /opt/www/zshop/Runtime/Cache/Admin/2594a9a2211c7e1550378816193def8a.php 第 215 行.
NOTIC: [8] Undefined variable: groupList /opt/www/zshop/Runtime/Cache/Admin/2594a9a2211c7e1550378816193def8a.php 第 215 行.
NOTIC: [8] Undefined variable: groupList /opt/www/zshop/Runtime/Cache/Admin/2594a9a2211c7e1550378816193def8a.php 第 215 行.
NOTIC: [8] Undefined variable: groupList /opt/www/zshop/Runtime/Cache/Admin/2594a9a2211c7e1550378816193def8a.php 第 215 行.
NOTIC: [8] Undefined variable: groupList /opt/www/zshop/Runtime/Cache/Admin/2594a9a2211c7e1550378816193def8a.php 第 215 行.
NOTIC: [8] Undefined variable: groupList /opt/www/zshop/Runtime/Cache/Admin/2594a9a2211c7e1550378816193def8a.php 第 215 行.
NOTIC: [8] Undefined variable: groupList /opt/www/zshop/Runtime/Cache/Admin/2594a9a2211c7e1550378816193def8a.php 第 215 行.
NOTIC: [8] Undefined variable: groupList /opt/www/zshop/Runtime/Cache/Admin/2594a9a2211c7e1550378816193def8a.php 第 215 行.
NOTIC: [8] Undefined variable: groupList /opt/www/zshop/Runtime/Cache/Admin/2594a9a2211c7e1550378816193def8a.php 第 215 行.
NOTIC: [8] Undefined variable: groupList /opt/www/zshop/Runtime/Cache/Admin/2594a9a2211c7e1550378816193def8a.php 第 215 行.
NOTIC: [8] Undefined variable: groupList /opt/www/zshop/Runtime/Cache/Admin/2594a9a2211c7e1550378816193def8a.php 第 215 行.
NOTIC: [8] Undefined variable: groupList /opt/www/zshop/Runtime/Cache/Admin/2594a9a2211c7e1550378816193def8a.php 第 215 行.
NOTIC: [8] Undefined variable: groupList /opt/www/zshop/Runtime/Cache/Admin/2594a9a2211c7e1550378816193def8a.php 第 215 行.
NOTIC: [8] Undefined variable: groupList /opt/www/zshop/Runtime/Cache/Admin/2594a9a2211c7e1550378816193def8a.php 第 215 行.
NOTIC: [8] Undefined variable: groupList /opt/www/zshop/Runtime/Cache/Admin/2594a9a2211c7e1550378816193def8a.php 第 215 行.
NOTIC: [8] Undefined variable: groupList /opt/www/zshop/Runtime/Cache/Admin/2594a9a2211c7e1550378816193def8a.php 第 215 行.
NOTIC: [8] Undefined variable: groupList /opt/www/zshop/Runtime/Cache/Admin/2594a9a2211c7e1550378816193def8a.php 第 215 行.
NOTIC: [8] Undefined variable: groupList /opt/www/zshop/Runtime/Cache/Admin/2594a9a2211c7e1550378816193def8a.php 第 215 行.
NOTIC: [8] Undefined variable: groupList /opt/www/zshop/Runtime/Cache/Admin/2594a9a2211c7e1550378816193def8a.php 第 215 行.
INFO: Run Behavior\ParseTemplateBehavior [ RunTime:0.008937s ]
INFO: [ view_parse ] --END-- [ RunTime:0.008962s ]
INFO: [ view_filter ] --START--
INFO: Run Behavior\WriteHtmlCacheBehavior [ RunTime:0.000090s ]
INFO: [ view_filter ] --END-- [ RunTime:0.000110s ]
INFO: [ app_end ] --START--
INFO: Run Behavior\ShowPageTraceBehavior [ RunTime:0.000261s ]
INFO: [ app_end ] --END-- [ RunTime:0.000287s ]

[ 2018-09-21T09:01:31+08:00 ] 192.168.52.1 /Admin/Article/index
INFO: [ app_init ] --START--
INFO: Run Behavior\BuildLiteBehavior [ RunTime:0.000009s ]
INFO: [ app_init ] --END-- [ RunTime:0.000185s ]
INFO: [ app_begin ] --START--
INFO: Run Behavior\ReadHtmlCacheBehavior [ RunTime:0.000231s ]
INFO: [ app_begin ] --END-- [ RunTime:0.000259s ]
NOTIC: [2] mdecrypt_generic(): An empty string was passed /opt/www/zshop/ThinkPHP/Library/Org/Util/AES.class.php 第 51 行.
NOTIC: [2] preg_match(): Null byte in regex /opt/www/zshop/ThinkPHP/Library/Org/Util/AES.class.php 第 80 行.
NOTIC: [2048] Declaration of Application\BaseModel::add() should be compatible with Think\Model::add($data = '', $options = Array, $replace = false) /opt/www/zshop/Application/BaseModel.class.php 第 12 行.
NOTIC: [2] Missing argument 1 for I(), called in /opt/www/zshop/Application/Admin/Controller/ArticleController.class.php on line 25 and defined /opt/www/zshop/ThinkPHP/Common/functions.php 第 271 行.
NOTIC: [8] Undefined variable: name /opt/www/zshop/ThinkPHP/Common/functions.php 第 273 行.
NOTIC: [8] Undefined variable: name /opt/www/zshop/ThinkPHP/Common/functions.php 第 278 行.
NOTIC: [8] Undefined variable: name /opt/www/zshop/ThinkPHP/Common/functions.php 第 339 行.
SQL: SELECT COUNT(*) AS tp_count FROM `ti_article` LIMIT 1   [ RunTime:0.0002s ]
SQL: SELECT * FROM `ti_article` ORDER BY id DESC LIMIT 0,10   [ RunTime:0.0001s ]
INFO: [ view_parse ] --START--
INFO: [ template_filter ] --START--
INFO: Run Behavior\ContentReplaceBehavior [ RunTime:0.000038s ]
INFO: [ template_filter ] --END-- [ RunTime:0.000066s ]
NOTIC: [8] A non well formed numeric value encountered /opt/www/zshop/Runtime/Cache/Admin/7eacb0840b5d250f13e14e3452a4e5b2.php 第 216 行.
NOTIC: [8] A non well formed numeric value encountered /opt/www/zshop/Runtime/Cache/Admin/7eacb0840b5d250f13e14e3452a4e5b2.php 第 216 行.
NOTIC: [8] A non well formed numeric value encountered /opt/www/zshop/Runtime/Cache/Admin/7eacb0840b5d250f13e14e3452a4e5b2.php 第 216 行.
INFO: Run Behavior\ParseTemplateBehavior [ RunTime:0.008532s ]
INFO: [ view_parse ] --END-- [ RunTime:0.008555s ]
INFO: [ view_filter ] --START--
INFO: Run Behavior\WriteHtmlCacheBehavior [ RunTime:0.000086s ]
INFO: [ view_filter ] --END-- [ RunTime:0.000106s ]
INFO: [ app_end ] --START--
INFO: Run Behavior\ShowPageTraceBehavior [ RunTime:0.000256s ]
INFO: [ app_end ] --END-- [ RunTime:0.000281s ]

[ 2018-09-21T09:01:35+08:00 ] 192.168.52.1 /Admin/ArticleCate/index
INFO: [ app_init ] --START--
INFO: Run Behavior\BuildLiteBehavior [ RunTime:0.000009s ]
INFO: [ app_init ] --END-- [ RunTime:0.000184s ]
INFO: [ app_begin ] --START--
INFO: Run Behavior\ReadHtmlCacheBehavior [ RunTime:0.000229s ]
INFO: [ app_begin ] --END-- [ RunTime:0.000256s ]
NOTIC: [2] mdecrypt_generic(): An empty string was passed /opt/www/zshop/ThinkPHP/Library/Org/Util/AES.class.php 第 51 行.
NOTIC: [2] preg_match(): Null byte in regex /opt/www/zshop/ThinkPHP/Library/Org/Util/AES.class.php 第 80 行.
NOTIC: [2048] Declaration of Application\BaseModel::add() should be compatible with Think\Model::add($data = '', $options = Array, $replace = false) /opt/www/zshop/Application/BaseModel.class.php 第 12 行.
NOTIC: [2] Missing argument 1 for I(), called in /opt/www/zshop/Application/Admin/Controller/ArticleCateController.class.php on line 22 and defined /opt/www/zshop/ThinkPHP/Common/functions.php 第 271 行.
NOTIC: [8] Undefined variable: name /opt/www/zshop/ThinkPHP/Common/functions.php 第 273 行.
NOTIC: [8] Undefined variable: name /opt/www/zshop/ThinkPHP/Common/functions.php 第 278 行.
NOTIC: [8] Undefined variable: name /opt/www/zshop/ThinkPHP/Common/functions.php 第 339 行.
SQL: SELECT COUNT(*) AS tp_count FROM `ti_article_cate` LIMIT 1   [ RunTime:0.0002s ]
SQL: SELECT * FROM `ti_article_cate` ORDER BY id DESC LIMIT 0,10   [ RunTime:0.0001s ]
INFO: [ view_parse ] --START--
INFO: [ template_filter ] --START--
INFO: Run Behavior\ContentReplaceBehavior [ RunTime:0.000051s ]
INFO: [ template_filter ] --END-- [ RunTime:0.000081s ]
NOTIC: [8] Undefined index: product_totle /opt/www/zshop/Runtime/Cache/Admin/91dbcff4b7c9bd447bbc9f8e010a8526.php 第 218 行.
NOTIC: [8] Undefined index: product_totle /opt/www/zshop/Runtime/Cache/Admin/91dbcff4b7c9bd447bbc9f8e010a8526.php 第 218 行.
INFO: Run Behavior\ParseTemplateBehavior [ RunTime:0.008422s ]
INFO: [ view_parse ] --END-- [ RunTime:0.008445s ]
INFO: [ view_filter ] --START--
INFO: Run Behavior\WriteHtmlCacheBehavior [ RunTime:0.000084s ]
INFO: [ view_filter ] --END-- [ RunTime:0.000104s ]
INFO: [ app_end ] --START--
INFO: Run Behavior\ShowPageTraceBehavior [ RunTime:0.000250s ]
INFO: [ app_end ] --END-- [ RunTime:0.000276s ]

[ 2018-09-21T09:01:36+08:00 ] 192.168.52.1 /Admin/Article/index
INFO: [ app_init ] --START--
INFO: Run Behavior\BuildLiteBehavior [ RunTime:0.000008s ]
INFO: [ app_init ] --END-- [ RunTime:0.000186s ]
INFO: [ app_begin ] --START--
INFO: Run Behavior\ReadHtmlCacheBehavior [ RunTime:0.000230s ]
INFO: [ app_begin ] --END-- [ RunTime:0.000256s ]
NOTIC: [2] mdecrypt_generic(): An empty string was passed /opt/www/zshop/ThinkPHP/Library/Org/Util/AES.class.php 第 51 行.
NOTIC: [2] preg_match(): Null byte in regex /opt/www/zshop/ThinkPHP/Library/Org/Util/AES.class.php 第 80 行.
NOTIC: [2048] Declaration of Application\BaseModel::add() should be compatible with Think\Model::add($data = '', $options = Array, $replace = false) /opt/www/zshop/Application/BaseModel.class.php 第 12 行.
NOTIC: [2] Missing argument 1 for I(), called in /opt/www/zshop/Application/Admin/Controller/ArticleController.class.php on line 25 and defined /opt/www/zshop/ThinkPHP/Common/functions.php 第 271 行.
NOTIC: [8] Undefined variable: name /opt/www/zshop/ThinkPHP/Common/functions.php 第 273 行.
NOTIC: [8] Undefined variable: name /opt/www/zshop/ThinkPHP/Common/functions.php 第 278 行.
NOTIC: [8] Undefined variable: name /opt/www/zshop/ThinkPHP/Common/functions.php 第 339 行.
SQL: SELECT COUNT(*) AS tp_count FROM `ti_article` LIMIT 1   [ RunTime:0.0001s ]
SQL: SELECT * FROM `ti_article` ORDER BY id DESC LIMIT 0,10   [ RunTime:0.0001s ]
INFO: [ view_parse ] --START--
INFO: [ template_filter ] --START--
INFO: Run Behavior\ContentReplaceBehavior [ RunTime:0.000042s ]
INFO: [ template_filter ] --END-- [ RunTime:0.000081s ]
NOTIC: [8] A non well formed numeric value encountered /opt/www/zshop/Runtime/Cache/Admin/7eacb0840b5d250f13e14e3452a4e5b2.php 第 216 行.
NOTIC: [8] A non well formed numeric value encountered /opt/www/zshop/Runtime/Cache/Admin/7eacb0840b5d250f13e14e3452a4e5b2.php 第 216 行.
NOTIC: [8] A non well formed numeric value encountered /opt/www/zshop/Runtime/Cache/Admin/7eacb0840b5d250f13e14e3452a4e5b2.php 第 216 行.
INFO: Run Behavior\ParseTemplateBehavior [ RunTime:0.009324s ]
INFO: [ view_parse ] --END-- [ RunTime:0.009348s ]
INFO: [ view_filter ] --START--
INFO: Run Behavior\WriteHtmlCacheBehavior [ RunTime:0.000091s ]
INFO: [ view_filter ] --END-- [ RunTime:0.000111s ]
INFO: [ app_end ] --START--
INFO: Run Behavior\ShowPageTraceBehavior [ RunTime:0.000258s ]
INFO: [ app_end ] --END-- [ RunTime:0.000285s ]

[ 2018-09-21T09:01:59+08:00 ] 192.168.52.1 /Admin/Article/index
INFO: [ app_init ] --START--
INFO: Run Behavior\BuildLiteBehavior [ RunTime:0.000009s ]
INFO: [ app_init ] --END-- [ RunTime:0.000219s ]
INFO: [ app_begin ] --START--
INFO: Run Behavior\ReadHtmlCacheBehavior [ RunTime:0.000252s ]
INFO: [ app_begin ] --END-- [ RunTime:0.000280s ]
NOTIC: [2] mdecrypt_generic(): An empty string was passed /opt/www/zshop/ThinkPHP/Library/Org/Util/AES.class.php 第 51 行.
NOTIC: [2] preg_match(): Null byte in regex /opt/www/zshop/ThinkPHP/Library/Org/Util/AES.class.php 第 80 行.
NOTIC: [2048] Declaration of Application\BaseModel::add() should be compatible with Think\Model::add($data = '', $options = Array, $replace = false) /opt/www/zshop/Application/BaseModel.class.php 第 12 行.
NOTIC: [2] Missing argument 1 for I(), called in /opt/www/zshop/Application/Admin/Controller/ArticleController.class.php on line 25 and defined /opt/www/zshop/ThinkPHP/Common/functions.php 第 271 行.
NOTIC: [8] Undefined variable: name /opt/www/zshop/ThinkPHP/Common/functions.php 第 273 行.
NOTIC: [8] Undefined variable: name /opt/www/zshop/ThinkPHP/Common/functions.php 第 278 行.
NOTIC: [8] Undefined variable: name /opt/www/zshop/ThinkPHP/Common/functions.php 第 339 行.
SQL: SELECT COUNT(*) AS tp_count FROM `ti_article` LIMIT 1   [ RunTime:0.0001s ]
SQL: SELECT * FROM `ti_article` ORDER BY id DESC LIMIT 0,10   [ RunTime:0.0001s ]
INFO: [ view_parse ] --START--
INFO: [ template_filter ] --START--
INFO: Run Behavior\ContentReplaceBehavior [ RunTime:0.000038s ]
INFO: [ template_filter ] --END-- [ RunTime:0.000066s ]
NOTIC: [8] A non well formed numeric value encountered /opt/www/zshop/Runtime/Cache/Admin/7eacb0840b5d250f13e14e3452a4e5b2.php 第 216 行.
NOTIC: [8] A non well formed numeric value encountered /opt/www/zshop/Runtime/Cache/Admin/7eacb0840b5d250f13e14e3452a4e5b2.php 第 216 行.
NOTIC: [8] A non well formed numeric value encountered /opt/www/zshop/Runtime/Cache/Admin/7eacb0840b5d250f13e14e3452a4e5b2.php 第 216 行.
INFO: Run Behavior\ParseTemplateBehavior [ RunTime:0.008519s ]
INFO: [ view_parse ] --END-- [ RunTime:0.008542s ]
INFO: [ view_filter ] --START--
INFO: Run Behavior\WriteHtmlCacheBehavior [ RunTime:0.000085s ]
INFO: [ view_filter ] --END-- [ RunTime:0.000105s ]
INFO: [ app_end ] --START--
INFO: Run Behavior\ShowPageTraceBehavior [ RunTime:0.000277s ]
INFO: [ app_end ] --END-- [ RunTime:0.000304s ]

[ 2018-09-21T09:02:39+08:00 ] 192.168.52.1 /Admin/Article/index.html
INFO: [ app_init ] --START--
INFO: Run Behavior\BuildLiteBehavior [ RunTime:0.000009s ]
INFO: [ app_init ] --END-- [ RunTime:0.000185s ]
INFO: [ app_begin ] --START--
INFO: Run Behavior\ReadHtmlCacheBehavior [ RunTime:0.000229s ]
INFO: [ app_begin ] --END-- [ RunTime:0.000270s ]
NOTIC: [2] mdecrypt_generic(): An empty string was passed /opt/www/zshop/ThinkPHP/Library/Org/Util/AES.class.php 第 51 行.
NOTIC: [2] preg_match(): Null byte in regex /opt/www/zshop/ThinkPHP/Library/Org/Util/AES.class.php 第 80 行.
NOTIC: [2048] Declaration of Application\BaseModel::add() should be compatible with Think\Model::add($data = '', $options = Array, $replace = false) /opt/www/zshop/Application/BaseModel.class.php 第 12 行.
NOTIC: [2] Missing argument 1 for I(), called in /opt/www/zshop/Application/Admin/Controller/ArticleController.class.php on line 25 and defined /opt/www/zshop/ThinkPHP/Common/functions.php 第 271 行.
NOTIC: [8] Undefined variable: name /opt/www/zshop/ThinkPHP/Common/functions.php 第 273 行.
NOTIC: [8] Undefined variable: name /opt/www/zshop/ThinkPHP/Common/functions.php 第 278 行.
NOTIC: [8] Undefined variable: name /opt/www/zshop/ThinkPHP/Common/functions.php 第 339 行.
ERR: 1146:Table 'zshop.ti_article' doesn't exist
 [ SQL语句 ] : SELECT COUNT(*) AS tp_count FROM `ti_article` LIMIT 1  
ERR: 1146:Table 'zshop.ti_article' doesn't exist
 [ SQL语句 ] : SELECT COUNT(*) AS tp_count FROM `ti_article` LIMIT 1  

[ 2018-09-21T09:02:44+08:00 ] 192.168.52.1 /Admin/Article/index.html
INFO: [ app_init ] --START--
INFO: Run Behavior\BuildLiteBehavior [ RunTime:0.000007s ]
INFO: [ app_init ] --END-- [ RunTime:0.000180s ]
INFO: [ app_begin ] --START--
INFO: Run Behavior\ReadHtmlCacheBehavior [ RunTime:0.000227s ]
INFO: [ app_begin ] --END-- [ RunTime:0.000254s ]
NOTIC: [2] mdecrypt_generic(): An empty string was passed /opt/www/zshop/ThinkPHP/Library/Org/Util/AES.class.php 第 51 行.
NOTIC: [2] preg_match(): Null byte in regex /opt/www/zshop/ThinkPHP/Library/Org/Util/AES.class.php 第 80 行.
NOTIC: [2048] Declaration of Application\BaseModel::add() should be compatible with Think\Model::add($data = '', $options = Array, $replace = false) /opt/www/zshop/Application/BaseModel.class.php 第 12 行.
NOTIC: [2] Missing argument 1 for I(), called in /opt/www/zshop/Application/Admin/Controller/ArticleController.class.php on line 25 and defined /opt/www/zshop/ThinkPHP/Common/functions.php 第 271 行.
NOTIC: [8] Undefined variable: name /opt/www/zshop/ThinkPHP/Common/functions.php 第 273 行.
NOTIC: [8] Undefined variable: name /opt/www/zshop/ThinkPHP/Common/functions.php 第 278 行.
NOTIC: [8] Undefined variable: name /opt/www/zshop/ThinkPHP/Common/functions.php 第 339 行.
ERR: 1146:Table 'zshop.ti_article' doesn't exist
 [ SQL语句 ] : SELECT COUNT(*) AS tp_count FROM `ti_article` LIMIT 1  
ERR: 1146:Table 'zshop.ti_article' doesn't exist
 [ SQL语句 ] : SELECT COUNT(*) AS tp_count FROM `ti_article` LIMIT 1  

[ 2018-09-21T09:03:09+08:00 ] 192.168.52.1 /Admin/index
INFO: [ app_init ] --START--
INFO: Run Behavior\BuildLiteBehavior [ RunTime:0.000010s ]
INFO: [ app_init ] --END-- [ RunTime:0.000248s ]
INFO: [ app_begin ] --START--
INFO: Run Behavior\ReadHtmlCacheBehavior [ RunTime:0.000291s ]
INFO: [ app_begin ] --END-- [ RunTime:0.000320s ]
NOTIC: [2] mdecrypt_generic(): An empty string was passed /opt/www/zshop/ThinkPHP/Library/Org/Util/AES.class.php 第 51 行.
NOTIC: [2] preg_match(): Null byte in regex /opt/www/zshop/ThinkPHP/Library/Org/Util/AES.class.php 第 80 行.
NOTIC: [2048] Declaration of Application\BaseModel::add() should be compatible with Think\Model::add($data = '', $options = Array, $replace = false) /opt/www/zshop/Application/BaseModel.class.php 第 12 行.
NOTIC: [2048] Declaration of Common\Model\Zshop\UserModel::getList() should be compatible with Application\BaseModel::getList($where, $page = 1, $pageSize = 10, $fields = Array, $orderBy = '') /opt/www/zshop/Application/Common/Model/Zshop/UserModel.class.php 第 12 行.
NOTIC: [8] Undefined variable: userCount /opt/www/zshop/Application/Admin/Controller/IndexController.class.php 第 36 行.
NOTIC: [8] Undefined variable: channelCount /opt/www/zshop/Application/Admin/Controller/IndexController.class.php 第 37 行.
NOTIC: [8] Undefined variable: loginCount /opt/www/zshop/Application/Admin/Controller/IndexController.class.php 第 41 行.
NOTIC: [8] Undefined variable: recommendJobCount /opt/www/zshop/Application/Admin/Controller/IndexController.class.php 第 46 行.
NOTIC: [8] Undefined variable: recommendResumeCount /opt/www/zshop/Application/Admin/Controller/IndexController.class.php 第 47 行.
NOTIC: [8] Undefined variable: invitBySmsCount /opt/www/zshop/Application/Admin/Controller/IndexController.class.php 第 48 行.
NOTIC: [8] Undefined variable: receiveCount /opt/www/zshop/Application/Admin/Controller/IndexController.class.php 第 49 行.
NOTIC: [8] Undefined variable: autoReceiveCount /opt/www/zshop/Application/Admin/Controller/IndexController.class.php 第 50 行.
NOTIC: [8] Undefined variable: rejectCount /opt/www/zshop/Application/Admin/Controller/IndexController.class.php 第 51 行.
INFO: [ view_parse ] --START--
INFO: [ template_filter ] --START--
INFO: Run Behavior\ContentReplaceBehavior [ RunTime:0.000037s ]
INFO: [ template_filter ] --END-- [ RunTime:0.000065s ]
NOTIC: [8] Undefined variable: currentPage /opt/www/zshop/Runtime/Cache/Admin/53ba6b9177d3b17ee3b89aee36ab9c4d.php 第 10 行.
NOTIC: [8] Use of undefined constant today - assumed 'today' /opt/www/zshop/Runtime/Cache/Admin/53ba6b9177d3b17ee3b89aee36ab9c4d.php 第 203 行.
NOTIC: [8] Use of undefined constant yesterday - assumed 'yesterday' /opt/www/zshop/Runtime/Cache/Admin/53ba6b9177d3b17ee3b89aee36ab9c4d.php 第 204 行.
NOTIC: [8] Use of undefined constant week - assumed 'week' /opt/www/zshop/Runtime/Cache/Admin/53ba6b9177d3b17ee3b89aee36ab9c4d.php 第 205 行.
NOTIC: [8] Use of undefined constant month - assumed 'month' /opt/www/zshop/Runtime/Cache/Admin/53ba6b9177d3b17ee3b89aee36ab9c4d.php 第 206 行.
NOTIC: [8] Use of undefined constant all - assumed 'all' /opt/www/zshop/Runtime/Cache/Admin/53ba6b9177d3b17ee3b89aee36ab9c4d.php 第 207 行.
INFO: Run Behavior\ParseTemplateBehavior [ RunTime:0.008898s ]
INFO: [ view_parse ] --END-- [ RunTime:0.008922s ]
INFO: [ view_filter ] --START--
INFO: Run Behavior\WriteHtmlCacheBehavior [ RunTime:0.000127s ]
INFO: [ view_filter ] --END-- [ RunTime:0.000148s ]
INFO: [ app_end ] --START--
INFO: Run Behavior\ShowPageTraceBehavior [ RunTime:0.000304s ]
INFO: [ app_end ] --END-- [ RunTime:0.000330s ]

[ 2018-09-21T09:03:15+08:00 ] 192.168.52.1 /Admin/Users/index
INFO: [ app_init ] --START--
INFO: Run Behavior\BuildLiteBehavior [ RunTime:0.000009s ]
INFO: [ app_init ] --END-- [ RunTime:0.000252s ]
INFO: [ app_begin ] --START--
INFO: Run Behavior\ReadHtmlCacheBehavior [ RunTime:0.000255s ]
INFO: [ app_begin ] --END-- [ RunTime:0.000281s ]
NOTIC: [2] mdecrypt_generic(): An empty string was passed /opt/www/zshop/ThinkPHP/Library/Org/Util/AES.class.php 第 51 行.
NOTIC: [2] preg_match(): Null byte in regex /opt/www/zshop/ThinkPHP/Library/Org/Util/AES.class.php 第 80 行.
NOTIC: [2048] Declaration of Application\BaseModel::add() should be compatible with Think\Model::add($data = '', $options = Array, $replace = false) /opt/www/zshop/Application/BaseModel.class.php 第 12 行.
NOTIC: [2048] Declaration of Common\Model\Zshop\UserModel::getList() should be compatible with Application\BaseModel::getList($where, $page = 1, $pageSize = 10, $fields = Array, $orderBy = '') /opt/www/zshop/Application/Common/Model/Zshop/UserModel.class.php 第 12 行.
NOTIC: [2] Missing argument 1 for I(), called in /opt/www/zshop/Application/Admin/Controller/UsersController.class.php on line 21 and defined /opt/www/zshop/ThinkPHP/Common/functions.php 第 271 行.
NOTIC: [8] Undefined variable: name /opt/www/zshop/ThinkPHP/Common/functions.php 第 273 行.
NOTIC: [8] Undefined variable: name /opt/www/zshop/ThinkPHP/Common/functions.php 第 278 行.
NOTIC: [8] Undefined variable: name /opt/www/zshop/ThinkPHP/Common/functions.php 第 339 行.
ERR: 1146:Table 'zshop.ti_users' doesn't exist
 [ SQL语句 ] : SELECT COUNT(*) AS tp_count FROM `ti_users` LIMIT 1  
ERR: 1146:Table 'zshop.ti_users' doesn't exist
 [ SQL语句 ] : SELECT COUNT(*) AS tp_count FROM `ti_users` LIMIT 1  

[ 2018-09-21T09:04:57+08:00 ] 192.168.52.1 /Admin/Users/index
INFO: [ app_init ] --START--
INFO: Run Behavior\BuildLiteBehavior [ RunTime:0.000008s ]
INFO: [ app_init ] --END-- [ RunTime:0.000194s ]
INFO: [ app_begin ] --START--
INFO: Run Behavior\ReadHtmlCacheBehavior [ RunTime:0.000232s ]
INFO: [ app_begin ] --END-- [ RunTime:0.000259s ]
NOTIC: [2] mdecrypt_generic(): An empty string was passed /opt/www/zshop/ThinkPHP/Library/Org/Util/AES.class.php 第 51 行.
NOTIC: [2] preg_match(): Null byte in regex /opt/www/zshop/ThinkPHP/Library/Org/Util/AES.class.php 第 80 行.
NOTIC: [2048] Declaration of Application\BaseModel::add() should be compatible with Think\Model::add($data = '', $options = Array, $replace = false) /opt/www/zshop/Application/BaseModel.class.php 第 12 行.
NOTIC: [2048] Declaration of Common\Model\Zshop\UserModel::getList() should be compatible with Application\BaseModel::getList($where, $page = 1, $pageSize = 10, $fields = Array, $orderBy = '') /opt/www/zshop/Application/Common/Model/Zshop/UserModel.class.php 第 12 行.
NOTIC: [2] Missing argument 1 for I(), called in /opt/www/zshop/Application/Admin/Controller/UsersController.class.php on line 21 and defined /opt/www/zshop/ThinkPHP/Common/functions.php 第 271 行.
NOTIC: [8] Undefined variable: name /opt/www/zshop/ThinkPHP/Common/functions.php 第 273 行.
NOTIC: [8] Undefined variable: name /opt/www/zshop/ThinkPHP/Common/functions.php 第 278 行.
NOTIC: [8] Undefined variable: name /opt/www/zshop/ThinkPHP/Common/functions.php 第 339 行.
SQL: SELECT COUNT(*) AS tp_count FROM `zs_users` LIMIT 1   [ RunTime:0.0002s ]
INFO: [ view_parse ] --START--
INFO: [ template_filter ] --START--
INFO: Run Behavior\ContentReplaceBehavior [ RunTime:0.000053s ]
INFO: [ template_filter ] --END-- [ RunTime:0.000105s ]
NOTIC: [8] Use of undefined constant today - assumed 'today' /opt/www/zshop/Runtime/Cache/Admin/bb515f0a41c2764f3b97950cf874afa4.php 第 202 行.
NOTIC: [8] Use of undefined constant yesterday - assumed 'yesterday' /opt/www/zshop/Runtime/Cache/Admin/bb515f0a41c2764f3b97950cf874afa4.php 第 203 行.
NOTIC: [8] Use of undefined constant week - assumed 'week' /opt/www/zshop/Runtime/Cache/Admin/bb515f0a41c2764f3b97950cf874afa4.php 第 204 行.
NOTIC: [8] Use of undefined constant month - assumed 'month' /opt/www/zshop/Runtime/Cache/Admin/bb515f0a41c2764f3b97950cf874afa4.php 第 205 行.
NOTIC: [8] Use of undefined constant all - assumed 'all' /opt/www/zshop/Runtime/Cache/Admin/bb515f0a41c2764f3b97950cf874afa4.php 第 206 行.
NOTIC: [8] Undefined index: mobile /opt/www/zshop/Runtime/Cache/Admin/bb515f0a41c2764f3b97950cf874afa4.php 第 219 行.
INFO: Run Behavior\ParseTemplateBehavior [ RunTime:0.011558s ]
INFO: [ view_parse ] --END-- [ RunTime:0.011582s ]
INFO: [ view_filter ] --START--
INFO: Run Behavior\WriteHtmlCacheBehavior [ RunTime:0.000103s ]
INFO: [ view_filter ] --END-- [ RunTime:0.000249s ]
INFO: [ app_end ] --START--
INFO: Run Behavior\ShowPageTraceBehavior [ RunTime:0.000298s ]
INFO: [ app_end ] --END-- [ RunTime:0.000324s ]

[ 2018-09-21T09:09:56+08:00 ] 192.168.52.1 /Admin/Version/add
INFO: [ app_init ] --START--
INFO: Run Behavior\BuildLiteBehavior [ RunTime:0.000009s ]
INFO: [ app_init ] --END-- [ RunTime:0.000192s ]
INFO: [ app_begin ] --START--
INFO: Run Behavior\ReadHtmlCacheBehavior [ RunTime:0.000232s ]
INFO: [ app_begin ] --END-- [ RunTime:0.000259s ]
ERR: 无法加载控制器:Version

[ 2018-09-21T09:18:15+08:00 ] 192.168.52.1 /Admin/Users/index
INFO: [ app_init ] --START--
INFO: Run Behavior\BuildLiteBehavior [ RunTime:0.000009s ]
INFO: [ app_init ] --END-- [ RunTime:0.000211s ]
INFO: [ app_begin ] --START--
INFO: Run Behavior\ReadHtmlCacheBehavior [ RunTime:0.000263s ]
INFO: [ app_begin ] --END-- [ RunTime:0.000290s ]
NOTIC: [2] mdecrypt_generic(): An empty string was passed /opt/www/zshop/ThinkPHP/Library/Org/Util/AES.class.php 第 51 行.
NOTIC: [2] preg_match(): Null byte in regex /opt/www/zshop/ThinkPHP/Library/Org/Util/AES.class.php 第 80 行.
NOTIC: [2048] Declaration of Application\BaseModel::add() should be compatible with Think\Model::add($data = '', $options = Array, $replace = false) /opt/www/zshop/Application/BaseModel.class.php 第 12 行.
NOTIC: [2048] Declaration of Common\Model\Zshop\UserModel::getList() should be compatible with Application\BaseModel::getList($where, $page = 1, $pageSize = 10, $fields = Array, $orderBy = '') /opt/www/zshop/Application/Common/Model/Zshop/UserModel.class.php 第 12 行.
NOTIC: [2] Missing argument 1 for I(), called in /opt/www/zshop/Application/Admin/Controller/UsersController.class.php on line 21 and defined /opt/www/zshop/ThinkPHP/Common/functions.php 第 271 行.
NOTIC: [8] Undefined variable: name /opt/www/zshop/ThinkPHP/Common/functions.php 第 273 行.
NOTIC: [8] Undefined variable: name /opt/www/zshop/ThinkPHP/Common/functions.php 第 278 行.
NOTIC: [8] Undefined variable: name /opt/www/zshop/ThinkPHP/Common/functions.php 第 339 行.
SQL: SELECT COUNT(*) AS tp_count FROM `zs_users` LIMIT 1   [ RunTime:0.0001s ]
INFO: [ view_parse ] --START--
INFO: [ template_filter ] --START--
INFO: Run Behavior\ContentReplaceBehavior [ RunTime:0.000053s ]
INFO: [ template_filter ] --END-- [ RunTime:0.000090s ]
NOTIC: [8] Use of undefined constant today - assumed 'today' /opt/www/zshop/Runtime/Cache/Admin/bb515f0a41c2764f3b97950cf874afa4.php 第 219 行.
NOTIC: [8] Use of undefined constant yesterday - assumed 'yesterday' /opt/www/zshop/Runtime/Cache/Admin/bb515f0a41c2764f3b97950cf874afa4.php 第 220 行.
NOTIC: [8] Use of undefined constant week - assumed 'week' /opt/www/zshop/Runtime/Cache/Admin/bb515f0a41c2764f3b97950cf874afa4.php 第 221 行.
NOTIC: [8] Use of undefined constant month - assumed 'month' /opt/www/zshop/Runtime/Cache/Admin/bb515f0a41c2764f3b97950cf874afa4.php 第 222 行.
NOTIC: [8] Use of undefined constant all - assumed 'all' /opt/www/zshop/Runtime/Cache/Admin/bb515f0a41c2764f3b97950cf874afa4.php 第 223 行.
NOTIC: [8] Undefined index: mobile /opt/www/zshop/Runtime/Cache/Admin/bb515f0a41c2764f3b97950cf874afa4.php 第 236 行.
INFO: Run Behavior\ParseTemplateBehavior [ RunTime:0.012177s ]
INFO: [ view_parse ] --END-- [ RunTime:0.012201s ]
INFO: [ view_filter ] --START--
INFO: Run Behavior\WriteHtmlCacheBehavior [ RunTime:0.000093s ]
INFO: [ view_filter ] --END-- [ RunTime:0.000112s ]
INFO: [ app_end ] --START--
INFO: Run Behavior\ShowPageTraceBehavior [ RunTime:0.000300s ]
INFO: [ app_end ] --END-- [ RunTime:0.000324s ]

